mode: set
github.com/secretflow/kuscia/cmd/example/transport/client.go:45.13,47.2 1 1
github.com/secretflow/kuscia/cmd/example/transport/client.go:75.44,84.2 7 1
github.com/secretflow/kuscia/cmd/example/transport/client.go:86.13,90.42 4 0
github.com/secretflow/kuscia/cmd/example/transport/client.go:90.42,93.3 2 0
github.com/secretflow/kuscia/cmd/example/transport/client.go:96.44,102.55 1 0
github.com/secretflow/kuscia/cmd/example/transport/client.go:102.55,104.18 2 0
github.com/secretflow/kuscia/cmd/example/transport/client.go:104.18,106.5 1 0
github.com/secretflow/kuscia/cmd/example/transport/client.go:107.4,111.14 4 0
github.com/secretflow/kuscia/cmd/example/transport/client.go:115.2,115.12 1 0
github.com/secretflow/kuscia/cmd/example/transport/client.go:118.46,130.2 3 1
github.com/secretflow/kuscia/cmd/example/transport/client.go:132.35,147.2 2 1
github.com/secretflow/kuscia/cmd/example/transport/client.go:149.51,150.45 1 0
github.com/secretflow/kuscia/cmd/example/transport/client.go:150.45,152.3 1 0
github.com/secretflow/kuscia/cmd/example/transport/client.go:154.2,154.45 1 0
github.com/secretflow/kuscia/cmd/example/transport/client.go:154.45,156.3 1 0
github.com/secretflow/kuscia/cmd/example/transport/client.go:158.2,160.14 2 0
github.com/secretflow/kuscia/cmd/example/transport/client.go:163.50,164.11 1 0
github.com/secretflow/kuscia/cmd/example/transport/client.go:164.11,165.10 1 0
github.com/secretflow/kuscia/cmd/example/transport/client.go:166.17,167.10 1 0
github.com/secretflow/kuscia/cmd/example/transport/client.go:168.11,169.8 1 0
github.com/secretflow/kuscia/cmd/example/transport/client.go:174.46,176.2 1 1
github.com/secretflow/kuscia/cmd/example/transport/client.go:178.48,180.2 1 1
github.com/secretflow/kuscia/cmd/example/transport/client.go:182.80,184.16 2 0
github.com/secretflow/kuscia/cmd/example/transport/client.go:184.16,187.3 2 0
github.com/secretflow/kuscia/cmd/example/transport/client.go:188.2,190.16 2 0
github.com/secretflow/kuscia/cmd/example/transport/client.go:190.16,192.3 1 0
github.com/secretflow/kuscia/cmd/example/transport/client.go:193.2,193.33 1 0
github.com/secretflow/kuscia/cmd/example/transport/client.go:196.24,198.2 1 0
github.com/secretflow/kuscia/cmd/example/transport/client.go:200.35,210.66 7 0
github.com/secretflow/kuscia/cmd/example/transport/client.go:210.66,212.3 1 0
github.com/secretflow/kuscia/cmd/example/transport/client.go:212.8,214.3 1 0
github.com/secretflow/kuscia/cmd/example/transport/client.go:217.56,225.2 7 1
github.com/secretflow/kuscia/cmd/example/transport/client.go:227.35,234.66 5 0
github.com/secretflow/kuscia/cmd/example/transport/client.go:234.66,236.3 1 0
github.com/secretflow/kuscia/cmd/example/transport/client.go:237.2,237.48 1 0
github.com/secretflow/kuscia/cmd/example/transport/client.go:237.48,239.3 1 0
github.com/secretflow/kuscia/cmd/example/transport/client.go:242.32,245.2 1 0
github.com/secretflow/kuscia/cmd/kuscia/conflistener/listener.go:34.64,38.2 2 0
github.com/secretflow/kuscia/cmd/kuscia/conflistener/listener.go:40.54,45.12 3 0
github.com/secretflow/kuscia/cmd/kuscia/conflistener/listener.go:45.12,47.17 2 0
github.com/secretflow/kuscia/cmd/kuscia/conflistener/listener.go:47.17,49.4 1 0
github.com/secretflow/kuscia/cmd/kuscia/conflistener/listener.go:50.3,50.41 1 0
github.com/secretflow/kuscia/cmd/kuscia/conflistener/listener.go:50.41,52.18 2 0
github.com/secretflow/kuscia/cmd/kuscia/conflistener/listener.go:52.18,54.5 1 0
github.com/secretflow/kuscia/cmd/kuscia/conflistener/listener.go:58.3,64.73 5 0
github.com/secretflow/kuscia/cmd/kuscia/conflistener/listener.go:68.2,68.15 1 0
github.com/secretflow/kuscia/cmd/kuscia/conflistener/listener.go:71.115,76.12 3 0
github.com/secretflow/kuscia/cmd/kuscia/conflistener/listener.go:76.12,77.7 1 0
github.com/secretflow/kuscia/cmd/kuscia/conflistener/listener.go:77.7,78.11 1 0
github.com/secretflow/kuscia/cmd/kuscia/conflistener/listener.go:79.39,81.12 1 0
github.com/secretflow/kuscia/cmd/kuscia/conflistener/listener.go:81.12,84.6 2 0
github.com/secretflow/kuscia/cmd/kuscia/conflistener/listener.go:85.5,90.63 2 0
github.com/secretflow/kuscia/cmd/kuscia/conflistener/listener.go:90.63,92.27 2 0
github.com/secretflow/kuscia/cmd/kuscia/conflistener/listener.go:92.27,94.7 1 0
github.com/secretflow/kuscia/cmd/kuscia/conflistener/listener.go:94.12,96.7 1 0
github.com/secretflow/kuscia/cmd/kuscia/conflistener/listener.go:98.37,100.11 1 0
github.com/secretflow/kuscia/cmd/kuscia/conflistener/listener.go:100.11,102.6 1 0
github.com/secretflow/kuscia/cmd/kuscia/conflistener/listener.go:104.5,105.11 2 0
github.com/secretflow/kuscia/cmd/kuscia/conflistener/listener.go:110.2,111.16 2 0
github.com/secretflow/kuscia/cmd/kuscia/conflistener/listener.go:111.16,114.3 2 0
github.com/secretflow/kuscia/cmd/kuscia/conflistener/listener.go:115.2,116.17 2 0
github.com/secretflow/kuscia/cmd/kuscia/conflistener/listener.go:120.32,123.16 2 0
github.com/secretflow/kuscia/cmd/kuscia/conflistener/listener.go:123.16,126.3 2 0
github.com/secretflow/kuscia/cmd/kuscia/conflistener/listener.go:127.2,127.26 1 0
github.com/secretflow/kuscia/cmd/kuscia/conflistener/listener.go:127.26,129.3 1 0
github.com/secretflow/kuscia/cmd/kuscia/conflistener/listener.go:131.2,131.14 1 0
github.com/secretflow/kuscia/cmd/kuscia/conflistener/listener.go:134.53,140.47 3 0
github.com/secretflow/kuscia/cmd/kuscia/conflistener/listener.go:140.47,142.3 1 0
github.com/secretflow/kuscia/cmd/kuscia/conflistener/listener.go:144.2,146.16 3 0
github.com/secretflow/kuscia/cmd/kuscia/conflistener/listener.go:146.16,149.3 2 0
github.com/secretflow/kuscia/cmd/kuscia/conflistener/listener.go:151.2,151.42 1 0
github.com/secretflow/kuscia/cmd/kuscia/kernel.go:29.64,36.55 1 1
github.com/secretflow/kuscia/cmd/kuscia/kernel.go:36.55,37.57 1 1
github.com/secretflow/kuscia/cmd/kuscia/kernel.go:37.57,39.5 1 1
github.com/secretflow/kuscia/cmd/kuscia/kernel.go:40.4,40.14 1 1
github.com/secretflow/kuscia/cmd/kuscia/kernel.go:44.2,44.12 1 1
github.com/secretflow/kuscia/cmd/kuscia/main.go:80.13,86.55 1 0
github.com/secretflow/kuscia/cmd/kuscia/main.go:86.55,88.4 1 0
github.com/secretflow/kuscia/cmd/kuscia/main.go:91.2,100.42 10 0
github.com/secretflow/kuscia/cmd/kuscia/main.go:100.42,103.3 2 0
github.com/secretflow/kuscia/cmd/kuscia/confloader/config.go:82.49,102.2 4 1
github.com/secretflow/kuscia/cmd/kuscia/confloader/config.go:104.47,108.2 3 0
github.com/secretflow/kuscia/cmd/kuscia/confloader/config.go:110.51,115.2 3 0
github.com/secretflow/kuscia/cmd/kuscia/confloader/config.go:117.55,119.16 2 1
github.com/secretflow/kuscia/cmd/kuscia/confloader/config.go:119.16,121.3 1 0
github.com/secretflow/kuscia/cmd/kuscia/confloader/config.go:122.2,122.19 1 1
github.com/secretflow/kuscia/cmd/kuscia/confloader/config.go:122.19,124.3 1 0
github.com/secretflow/kuscia/cmd/kuscia/confloader/config.go:125.2,139.3 1 1
github.com/secretflow/kuscia/cmd/kuscia/confloader/config.go:142.58,147.16 3 0
github.com/secretflow/kuscia/cmd/kuscia/confloader/config.go:147.16,149.3 1 0
github.com/secretflow/kuscia/cmd/kuscia/confloader/config.go:150.2,152.24 2 0
github.com/secretflow/kuscia/cmd/kuscia/confloader/config.go:153.28,155.17 2 0
github.com/secretflow/kuscia/cmd/kuscia/confloader/config.go:155.17,157.4 1 0
github.com/secretflow/kuscia/cmd/kuscia/confloader/config.go:158.3,159.44 2 0
github.com/secretflow/kuscia/cmd/kuscia/confloader/config.go:160.26,162.17 2 0
github.com/secretflow/kuscia/cmd/kuscia/confloader/config.go:162.17,164.4 1 0
github.com/secretflow/kuscia/cmd/kuscia/confloader/config.go:165.3,166.42 2 0
github.com/secretflow/kuscia/cmd/kuscia/confloader/config.go:167.30,169.17 2 0
github.com/secretflow/kuscia/cmd/kuscia/confloader/config.go:169.17,171.4 1 0
github.com/secretflow/kuscia/cmd/kuscia/confloader/config.go:172.3,173.46 2 0
github.com/secretflow/kuscia/cmd/kuscia/confloader/config.go:174.10,175.70 1 0
github.com/secretflow/kuscia/cmd/kuscia/confloader/config.go:177.2,177.25 1 0
github.com/secretflow/kuscia/cmd/kuscia/confloader/config.go:177.25,179.3 1 0
github.com/secretflow/kuscia/cmd/kuscia/confloader/config.go:183.2,185.18 2 0
github.com/secretflow/kuscia/cmd/kuscia/confloader/kuscia_config.go:83.100,92.2 8 1
github.com/secretflow/kuscia/cmd/kuscia/confloader/kuscia_config.go:134.65,139.2 3 0
github.com/secretflow/kuscia/cmd/kuscia/confloader/kuscia_config.go:141.67,146.2 3 1
github.com/secretflow/kuscia/cmd/kuscia/confloader/kuscia_config.go:148.71,153.2 3 1
github.com/secretflow/kuscia/cmd/kuscia/confloader/kuscia_config.go:155.75,160.2 3 1
github.com/secretflow/kuscia/cmd/kuscia/confloader/kuscia_config.go:162.81,167.27 5 1
github.com/secretflow/kuscia/cmd/kuscia/confloader/kuscia_config.go:167.27,169.3 1 0
github.com/secretflow/kuscia/cmd/kuscia/confloader/kuscia_config.go:170.2,177.54 7 1
github.com/secretflow/kuscia/cmd/kuscia/confloader/kuscia_config.go:177.54,178.49 1 0
github.com/secretflow/kuscia/cmd/kuscia/confloader/kuscia_config.go:178.49,180.4 1 0
github.com/secretflow/kuscia/cmd/kuscia/confloader/kuscia_config.go:180.9,182.4 1 0
github.com/secretflow/kuscia/cmd/kuscia/confloader/kuscia_config.go:184.2,184.94 1 1
github.com/secretflow/kuscia/cmd/kuscia/confloader/kuscia_config.go:184.94,185.54 1 0
github.com/secretflow/kuscia/cmd/kuscia/confloader/kuscia_config.go:185.54,187.4 1 0
github.com/secretflow/kuscia/cmd/kuscia/confloader/kuscia_config.go:187.9,189.4 1 0
github.com/secretflow/kuscia/cmd/kuscia/confloader/kuscia_config.go:191.2,192.116 2 1
github.com/secretflow/kuscia/cmd/kuscia/confloader/kuscia_config.go:192.116,194.3 1 0
github.com/secretflow/kuscia/cmd/kuscia/confloader/kuscia_config.go:196.2,196.38 1 1
github.com/secretflow/kuscia/cmd/kuscia/confloader/kuscia_config.go:196.38,198.3 1 1
github.com/secretflow/kuscia/cmd/kuscia/confloader/kuscia_config.go:199.2,199.41 1 1
github.com/secretflow/kuscia/cmd/kuscia/confloader/kuscia_config.go:199.41,201.3 1 1
github.com/secretflow/kuscia/cmd/kuscia/confloader/kuscia_config.go:203.2,203.39 1 1
github.com/secretflow/kuscia/cmd/kuscia/confloader/kuscia_config.go:203.39,204.49 1 0
github.com/secretflow/kuscia/cmd/kuscia/confloader/kuscia_config.go:204.49,205.25 1 0
github.com/secretflow/kuscia/cmd/kuscia/confloader/kuscia_config.go:205.25,207.10 2 0
github.com/secretflow/kuscia/cmd/kuscia/confloader/kuscia_config.go:212.2,221.122 9 1
github.com/secretflow/kuscia/cmd/kuscia/confloader/kuscia_config.go:224.85,229.29 5 1
github.com/secretflow/kuscia/cmd/kuscia/confloader/kuscia_config.go:229.29,231.3 1 0
github.com/secretflow/kuscia/cmd/kuscia/confloader/kuscia_config.go:232.2,233.43 2 1
github.com/secretflow/kuscia/cmd/kuscia/confloader/kuscia_config.go:233.43,235.3 1 0
github.com/secretflow/kuscia/cmd/kuscia/confloader/kuscia_config.go:236.2,242.91 6 1
github.com/secretflow/kuscia/cmd/kuscia/confloader/kuscia_config.go:245.89,255.54 8 1
github.com/secretflow/kuscia/cmd/kuscia/confloader/kuscia_config.go:255.54,256.53 1 1
github.com/secretflow/kuscia/cmd/kuscia/confloader/kuscia_config.go:256.53,258.4 1 0
github.com/secretflow/kuscia/cmd/kuscia/confloader/kuscia_config.go:258.9,261.4 1 1
github.com/secretflow/kuscia/cmd/kuscia/confloader/kuscia_config.go:264.2,264.94 1 1
github.com/secretflow/kuscia/cmd/kuscia/confloader/kuscia_config.go:264.94,265.58 1 1
github.com/secretflow/kuscia/cmd/kuscia/confloader/kuscia_config.go:265.58,267.4 1 0
github.com/secretflow/kuscia/cmd/kuscia/confloader/kuscia_config.go:267.9,269.4 1 1
github.com/secretflow/kuscia/cmd/kuscia/confloader/kuscia_config.go:271.2,272.116 2 1
github.com/secretflow/kuscia/cmd/kuscia/confloader/kuscia_config.go:272.116,274.3 1 1
github.com/secretflow/kuscia/cmd/kuscia/confloader/kuscia_config.go:275.2,275.42 1 1
github.com/secretflow/kuscia/cmd/kuscia/confloader/kuscia_config.go:275.42,277.3 1 1
github.com/secretflow/kuscia/cmd/kuscia/confloader/kuscia_config.go:278.2,278.45 1 1
github.com/secretflow/kuscia/cmd/kuscia/confloader/kuscia_config.go:278.45,280.3 1 1
github.com/secretflow/kuscia/cmd/kuscia/confloader/kuscia_config.go:282.2,282.43 1 1
github.com/secretflow/kuscia/cmd/kuscia/confloader/kuscia_config.go:282.43,283.49 1 0
github.com/secretflow/kuscia/cmd/kuscia/confloader/kuscia_config.go:283.49,284.25 1 0
github.com/secretflow/kuscia/cmd/kuscia/confloader/kuscia_config.go:284.25,286.10 2 0
github.com/secretflow/kuscia/cmd/kuscia/confloader/kuscia_config.go:291.2,291.31 1 1
github.com/secretflow/kuscia/cmd/kuscia/confloader/kuscia_config.go:291.31,293.3 1 0
github.com/secretflow/kuscia/cmd/kuscia/confloader/kuscia_config.go:294.2,297.45 4 1
github.com/secretflow/kuscia/cmd/kuscia/confloader/kuscia_config.go:297.45,299.3 1 0
github.com/secretflow/kuscia/cmd/kuscia/confloader/kuscia_config.go:300.2,309.126 9 1
github.com/secretflow/kuscia/cmd/kuscia/confloader/kuscia_config.go:313.146,316.88 1 1
github.com/secretflow/kuscia/cmd/kuscia/confloader/kuscia_config.go:316.88,318.3 1 1
github.com/secretflow/kuscia/cmd/kuscia/confloader/kuscia_config.go:318.8,318.73 1 1
github.com/secretflow/kuscia/cmd/kuscia/confloader/kuscia_config.go:318.73,320.3 1 1
github.com/secretflow/kuscia/cmd/kuscia/confloader/kuscia_config.go:321.2,321.36 1 1
github.com/secretflow/kuscia/cmd/kuscia/confloader/kuscia_config.go:321.36,322.96 1 1
github.com/secretflow/kuscia/cmd/kuscia/confloader/kuscia_config.go:322.96,325.4 2 1
github.com/secretflow/kuscia/cmd/kuscia/confloader/kuscia_config.go:327.2,327.71 1 1
github.com/secretflow/kuscia/cmd/kuscia/confloader/kuscia_config.go:327.71,329.3 1 1
github.com/secretflow/kuscia/cmd/kuscia/confloader/kuscia_config.go:332.2,332.49 1 1
github.com/secretflow/kuscia/cmd/kuscia/confloader/kuscia_config.go:332.49,334.3 1 0
github.com/secretflow/kuscia/cmd/kuscia/confloader/kuscia_config.go:335.2,335.49 1 1
github.com/secretflow/kuscia/cmd/kuscia/confloader/kuscia_config.go:335.49,337.3 1 0
github.com/secretflow/kuscia/cmd/kuscia/confloader/kuscia_config.go:341.88,342.31 1 1
github.com/secretflow/kuscia/cmd/kuscia/confloader/kuscia_config.go:342.31,343.43 1 1
github.com/secretflow/kuscia/cmd/kuscia/confloader/kuscia_config.go:343.43,345.4 1 1
github.com/secretflow/kuscia/cmd/kuscia/confloader/kuscia_config.go:346.3,346.38 1 1
github.com/secretflow/kuscia/cmd/kuscia/confloader/kuscia_config.go:346.38,348.4 1 1
github.com/secretflow/kuscia/cmd/kuscia/confloader/kuscia_config.go:349.3,349.40 1 1
github.com/secretflow/kuscia/cmd/kuscia/confloader/kuscia_config.go:349.40,351.4 1 0
github.com/secretflow/kuscia/cmd/kuscia/confloader/kuscia_config.go:355.60,357.16 2 1
github.com/secretflow/kuscia/cmd/kuscia/confloader/kuscia_config.go:357.16,359.3 1 0
github.com/secretflow/kuscia/cmd/kuscia/confloader/kuscia_config.go:360.2,360.53 1 1
github.com/secretflow/kuscia/cmd/kuscia/confloader/kuscia_config.go:360.53,362.3 1 0
github.com/secretflow/kuscia/cmd/kuscia/confloader/kuscia_config.go:363.2,363.12 1 1
github.com/secretflow/kuscia/cmd/kuscia/confloader/kuscia_config.go:366.74,367.25 1 1
github.com/secretflow/kuscia/cmd/kuscia/confloader/kuscia_config.go:367.25,369.3 1 0
github.com/secretflow/kuscia/cmd/kuscia/confloader/kuscia_config.go:370.2,371.16 2 1
github.com/secretflow/kuscia/cmd/kuscia/confloader/kuscia_config.go:371.16,373.3 1 0
github.com/secretflow/kuscia/cmd/kuscia/confloader/kuscia_config.go:375.2,376.16 2 1
github.com/secretflow/kuscia/cmd/kuscia/confloader/kuscia_config.go:376.16,378.3 1 0
github.com/secretflow/kuscia/cmd/kuscia/confloader/kuscia_config.go:380.2,382.35 3 1
github.com/secretflow/kuscia/cmd/kuscia/confloader/kuscia_config.go:382.35,384.21 2 1
github.com/secretflow/kuscia/cmd/kuscia/confloader/kuscia_config.go:384.21,386.4 1 0
github.com/secretflow/kuscia/cmd/kuscia/confloader/kuscia_config.go:387.3,387.30 1 1
github.com/secretflow/kuscia/cmd/kuscia/confloader/kuscia_config.go:390.2,404.16 3 1
github.com/secretflow/kuscia/cmd/kuscia/confloader/kuscia_config.go:404.16,406.3 1 0
github.com/secretflow/kuscia/cmd/kuscia/confloader/kuscia_config.go:408.2,409.102 2 1
github.com/secretflow/kuscia/cmd/kuscia/confloader/kuscia_config.go:409.102,411.3 1 0
github.com/secretflow/kuscia/cmd/kuscia/confloader/kuscia_config.go:412.2,412.24 1 1
github.com/secretflow/kuscia/cmd/kuscia/confloader/kuscia_config.go:416.47,418.16 2 1
github.com/secretflow/kuscia/cmd/kuscia/confloader/kuscia_config.go:418.16,420.3 1 1
github.com/secretflow/kuscia/cmd/kuscia/confloader/kuscia_config.go:421.2,422.9 2 1
github.com/secretflow/kuscia/cmd/kuscia/confloader/kuscia_config.go:422.9,424.3 1 1
github.com/secretflow/kuscia/cmd/kuscia/confloader/kuscia_config.go:425.2,425.21 1 1
github.com/secretflow/kuscia/cmd/kuscia/diagnose/config.go:34.70,36.16 2 0
github.com/secretflow/kuscia/cmd/kuscia/diagnose/config.go:36.16,38.3 1 0
github.com/secretflow/kuscia/cmd/kuscia/diagnose/config.go:39.2,39.26 1 0
github.com/secretflow/kuscia/cmd/kuscia/diagnose/config.go:42.48,44.16 2 0
github.com/secretflow/kuscia/cmd/kuscia/diagnose/config.go:44.16,47.3 2 0
github.com/secretflow/kuscia/cmd/kuscia/diagnose/config.go:48.2,51.23 3 0
github.com/secretflow/kuscia/cmd/kuscia/diagnose/config.go:54.66,56.57 2 1
github.com/secretflow/kuscia/cmd/kuscia/diagnose/config.go:56.57,59.3 2 0
github.com/secretflow/kuscia/cmd/kuscia/diagnose/config.go:61.2,63.86 3 1
github.com/secretflow/kuscia/cmd/kuscia/diagnose/config.go:63.86,66.3 2 0
github.com/secretflow/kuscia/cmd/kuscia/diagnose/config.go:67.2,69.23 3 1
github.com/secretflow/kuscia/cmd/kuscia/diagnose/config.go:69.23,72.3 2 1
github.com/secretflow/kuscia/cmd/kuscia/diagnose/config.go:73.2,75.23 2 1
github.com/secretflow/kuscia/cmd/kuscia/diagnose/diagnose.go:34.61,43.2 4 1
github.com/secretflow/kuscia/cmd/kuscia/diagnose/diagnose.go:45.56,53.55 3 1
github.com/secretflow/kuscia/cmd/kuscia/diagnose/diagnose.go:53.55,57.4 3 0
github.com/secretflow/kuscia/cmd/kuscia/diagnose/diagnose.go:59.2,70.12 10 1
github.com/secretflow/kuscia/cmd/kuscia/diagnose/diagnose.go:73.59,82.55 3 1
github.com/secretflow/kuscia/cmd/kuscia/diagnose/diagnose.go:82.55,86.4 3 0
github.com/secretflow/kuscia/cmd/kuscia/diagnose/diagnose.go:88.2,100.12 11 1
github.com/secretflow/kuscia/cmd/kuscia/diagnose/diagnose.go:103.77,107.15 3 0
github.com/secretflow/kuscia/cmd/kuscia/diagnose/diagnose.go:107.15,110.3 2 0
github.com/secretflow/kuscia/cmd/kuscia/diagnose/diagnose.go:111.2,112.16 2 0
github.com/secretflow/kuscia/cmd/kuscia/diagnose/diagnose.go:112.16,114.3 1 0
github.com/secretflow/kuscia/cmd/kuscia/diagnose/diagnose.go:115.2,116.24 2 0
github.com/secretflow/kuscia/cmd/kuscia/diagnose/diagnose.go:117.21,118.60 1 0
github.com/secretflow/kuscia/cmd/kuscia/diagnose/diagnose.go:119.32,120.64 1 0
github.com/secretflow/kuscia/cmd/kuscia/diagnose/diagnose.go:121.10,123.13 2 0
github.com/secretflow/kuscia/cmd/kuscia/diagnose/diagnose.go:125.2,125.21 1 0
github.com/secretflow/kuscia/cmd/kuscia/image/cmd/builtin.go:25.64,37.48 2 1
github.com/secretflow/kuscia/cmd/kuscia/image/cmd/builtin.go:37.48,38.73 1 0
github.com/secretflow/kuscia/cmd/kuscia/image/cmd/builtin.go:38.73,40.5 1 0
github.com/secretflow/kuscia/cmd/kuscia/image/cmd/builtin.go:44.2,45.20 2 1
github.com/secretflow/kuscia/cmd/kuscia/image/cmd/cmd.go:23.74,31.2 7 0
github.com/secretflow/kuscia/cmd/kuscia/image/cmd/list.go:25.61,37.48 1 1
github.com/secretflow/kuscia/cmd/kuscia/image/cmd/list.go:37.48,38.58 1 0
github.com/secretflow/kuscia/cmd/kuscia/image/cmd/list.go:38.58,40.5 1 0
github.com/secretflow/kuscia/cmd/kuscia/image/cmd/list.go:44.2,44.16 1 1
github.com/secretflow/kuscia/cmd/kuscia/image/cmd/load.go:30.61,48.48 2 1
github.com/secretflow/kuscia/cmd/kuscia/image/cmd/load.go:48.48,50.19 2 0
github.com/secretflow/kuscia/cmd/kuscia/image/cmd/load.go:50.19,53.19 3 0
github.com/secretflow/kuscia/cmd/kuscia/image/cmd/load.go:53.19,55.6 1 0
github.com/secretflow/kuscia/cmd/kuscia/image/cmd/load.go:56.5,58.54 2 0
github.com/secretflow/kuscia/cmd/kuscia/image/cmd/load.go:58.54,60.6 1 0
github.com/secretflow/kuscia/cmd/kuscia/image/cmd/load.go:62.5,62.20 1 0
github.com/secretflow/kuscia/cmd/kuscia/image/cmd/load.go:65.4,65.21 1 0
github.com/secretflow/kuscia/cmd/kuscia/image/cmd/load.go:65.21,67.5 1 0
github.com/secretflow/kuscia/cmd/kuscia/image/cmd/load.go:69.4,69.63 1 0
github.com/secretflow/kuscia/cmd/kuscia/image/cmd/load.go:69.63,71.5 1 0
github.com/secretflow/kuscia/cmd/kuscia/image/cmd/load.go:75.2,76.16 2 1
github.com/secretflow/kuscia/cmd/kuscia/image/cmd/mount.go:24.62,34.48 1 0
github.com/secretflow/kuscia/cmd/kuscia/image/cmd/mount.go:34.48,35.59 1 0
github.com/secretflow/kuscia/cmd/kuscia/image/cmd/mount.go:35.59,37.5 1 0
github.com/secretflow/kuscia/cmd/kuscia/image/cmd/mount.go:41.2,41.17 1 0
github.com/secretflow/kuscia/cmd/kuscia/image/cmd/pull.go:25.61,41.48 2 1
github.com/secretflow/kuscia/cmd/kuscia/image/cmd/pull.go:41.48,42.63 1 0
github.com/secretflow/kuscia/cmd/kuscia/image/cmd/pull.go:42.63,44.5 1 0
github.com/secretflow/kuscia/cmd/kuscia/image/cmd/pull.go:48.2,49.16 2 1
github.com/secretflow/kuscia/cmd/kuscia/image/cmd/remove.go:25.59,38.48 1 1
github.com/secretflow/kuscia/cmd/kuscia/image/cmd/remove.go:38.48,39.60 1 0
github.com/secretflow/kuscia/cmd/kuscia/image/cmd/remove.go:39.60,41.5 1 0
github.com/secretflow/kuscia/cmd/kuscia/image/cmd/remove.go:45.2,45.14 1 1
github.com/secretflow/kuscia/cmd/kuscia/image/cmd/tag.go:25.60,36.48 1 1
github.com/secretflow/kuscia/cmd/kuscia/image/cmd/tag.go:36.48,37.57 1 0
github.com/secretflow/kuscia/cmd/kuscia/image/cmd/tag.go:37.57,39.5 1 0
github.com/secretflow/kuscia/cmd/kuscia/image/cmd/tag.go:43.2,43.15 1 1
github.com/secretflow/kuscia/cmd/kuscia/kusciainit/init.go:33.57,40.55 2 1
github.com/secretflow/kuscia/cmd/kuscia/kusciainit/init.go:40.55,41.53 1 0
github.com/secretflow/kuscia/cmd/kuscia/kusciainit/init.go:41.53,43.5 1 0
github.com/secretflow/kuscia/cmd/kuscia/kusciainit/init.go:44.4,46.18 3 0
github.com/secretflow/kuscia/cmd/kuscia/kusciainit/init.go:46.18,48.5 1 0
github.com/secretflow/kuscia/cmd/kuscia/kusciainit/init.go:50.4,51.14 2 0
github.com/secretflow/kuscia/cmd/kuscia/kusciainit/init.go:54.2,64.12 11 1
github.com/secretflow/kuscia/cmd/kuscia/kusciainit/init.go:80.62,82.47 2 1
github.com/secretflow/kuscia/cmd/kuscia/kusciainit/init.go:82.47,84.3 1 0
github.com/secretflow/kuscia/cmd/kuscia/kusciainit/init.go:86.2,87.14 2 1
github.com/secretflow/kuscia/cmd/kuscia/kusciainit/init.go:88.26,89.51 1 1
github.com/secretflow/kuscia/cmd/kuscia/kusciainit/init.go:90.28,91.53 1 1
github.com/secretflow/kuscia/cmd/kuscia/kusciainit/init.go:92.30,93.55 1 1
github.com/secretflow/kuscia/cmd/kuscia/kusciainit/init.go:94.10,95.44 1 0
github.com/secretflow/kuscia/cmd/kuscia/kusciainit/init.go:97.2,97.21 1 1
github.com/secretflow/kuscia/cmd/kuscia/kusciainit/init.go:100.47,101.31 1 1
github.com/secretflow/kuscia/cmd/kuscia/kusciainit/init.go:101.31,103.3 1 0
github.com/secretflow/kuscia/cmd/kuscia/kusciainit/init.go:105.2,106.16 2 1
github.com/secretflow/kuscia/cmd/kuscia/kusciainit/init.go:106.16,108.3 1 0
github.com/secretflow/kuscia/cmd/kuscia/kusciainit/init.go:111.2,112.34 2 1
github.com/secretflow/kuscia/cmd/kuscia/kusciainit/init.go:112.34,113.42 1 1
github.com/secretflow/kuscia/cmd/kuscia/kusciainit/init.go:113.42,115.4 1 0
github.com/secretflow/kuscia/cmd/kuscia/kusciainit/init.go:118.2,118.43 1 1
github.com/secretflow/kuscia/cmd/kuscia/kusciainit/init.go:118.43,120.3 1 0
github.com/secretflow/kuscia/cmd/kuscia/kusciainit/init.go:122.2,122.12 1 1
github.com/secretflow/kuscia/cmd/kuscia/kusciainit/init.go:125.82,133.2 2 1
github.com/secretflow/kuscia/cmd/kuscia/kusciainit/init.go:135.86,142.2 2 1
github.com/secretflow/kuscia/cmd/kuscia/kusciainit/init.go:144.90,152.2 2 1
github.com/secretflow/kuscia/cmd/kuscia/kusciainit/init.go:154.74,156.16 2 1
github.com/secretflow/kuscia/cmd/kuscia/kusciainit/init.go:156.16,158.3 1 0
github.com/secretflow/kuscia/cmd/kuscia/kusciainit/init.go:159.2,166.21 2 1
github.com/secretflow/kuscia/cmd/kuscia/kusciainit/init.go:169.78,173.2 1 1
github.com/secretflow/kuscia/cmd/kuscia/kusciainit/init.go:175.62,178.25 3 1
github.com/secretflow/kuscia/cmd/kuscia/kusciainit/init.go:178.25,180.17 2 1
github.com/secretflow/kuscia/cmd/kuscia/kusciainit/init.go:180.17,183.4 2 1
github.com/secretflow/kuscia/cmd/kuscia/kusciainit/init.go:184.8,186.17 2 1
github.com/secretflow/kuscia/cmd/kuscia/kusciainit/init.go:186.17,189.4 2 0
github.com/secretflow/kuscia/cmd/kuscia/kusciainit/init.go:191.2,191.27 1 1
github.com/secretflow/kuscia/cmd/kuscia/kusciainit/init.go:194.46,195.17 1 1
github.com/secretflow/kuscia/cmd/kuscia/kusciainit/init.go:196.73,197.14 1 1
github.com/secretflow/kuscia/cmd/kuscia/kusciainit/init.go:198.10,199.15 1 0
github.com/secretflow/kuscia/cmd/kuscia/kusciainit/init.go:203.48,204.20 1 1
github.com/secretflow/kuscia/cmd/kuscia/kusciainit/init.go:204.20,206.3 1 0
github.com/secretflow/kuscia/cmd/kuscia/kusciainit/init.go:207.2,208.35 2 1
github.com/secretflow/kuscia/cmd/kuscia/kusciainit/init.go:209.45,210.14 1 1
github.com/secretflow/kuscia/cmd/kuscia/kusciainit/init.go:211.10,212.15 1 0
github.com/secretflow/kuscia/cmd/kuscia/modules/agent.go:46.56,50.54 4 0
github.com/secretflow/kuscia/cmd/kuscia/modules/agent.go:50.54,52.3 1 0
github.com/secretflow/kuscia/cmd/kuscia/modules/agent.go:53.2,53.52 1 0
github.com/secretflow/kuscia/cmd/kuscia/modules/agent.go:53.52,55.3 1 0
github.com/secretflow/kuscia/cmd/kuscia/modules/agent.go:56.2,62.40 7 0
github.com/secretflow/kuscia/cmd/kuscia/modules/agent.go:62.40,64.3 1 0
github.com/secretflow/kuscia/cmd/kuscia/modules/agent.go:65.2,69.51 4 0
github.com/secretflow/kuscia/cmd/kuscia/modules/agent.go:69.51,71.44 2 0
github.com/secretflow/kuscia/cmd/kuscia/modules/agent.go:71.44,79.43 3 0
github.com/secretflow/kuscia/cmd/kuscia/modules/agent.go:79.43,81.5 1 0
github.com/secretflow/kuscia/cmd/kuscia/modules/agent.go:84.3,84.62 1 0
github.com/secretflow/kuscia/cmd/kuscia/modules/agent.go:85.8,89.3 3 0
github.com/secretflow/kuscia/cmd/kuscia/modules/agent.go:90.2,94.52 3 0
github.com/secretflow/kuscia/cmd/kuscia/modules/agent.go:94.52,96.17 2 0
github.com/secretflow/kuscia/cmd/kuscia/modules/agent.go:96.17,98.4 1 0
github.com/secretflow/kuscia/cmd/kuscia/modules/agent.go:99.3,99.30 1 0
github.com/secretflow/kuscia/cmd/kuscia/modules/agent.go:101.2,108.8 3 0
github.com/secretflow/kuscia/cmd/kuscia/modules/agent.go:111.30,113.41 2 0
github.com/secretflow/kuscia/cmd/kuscia/modules/agent.go:113.41,116.3 2 0
github.com/secretflow/kuscia/cmd/kuscia/modules/agent.go:117.2,120.16 4 0
github.com/secretflow/kuscia/cmd/kuscia/modules/agent.go:120.16,123.3 2 0
github.com/secretflow/kuscia/cmd/kuscia/modules/agent.go:124.2,124.44 1 0
github.com/secretflow/kuscia/cmd/kuscia/modules/agent.go:124.44,127.3 2 0
github.com/secretflow/kuscia/cmd/kuscia/modules/agent.go:130.58,131.54 1 0
github.com/secretflow/kuscia/cmd/kuscia/modules/agent.go:131.54,136.35 4 0
github.com/secretflow/kuscia/cmd/kuscia/modules/agent.go:136.35,138.4 1 0
github.com/secretflow/kuscia/cmd/kuscia/modules/agent.go:141.2,141.75 1 0
github.com/secretflow/kuscia/cmd/kuscia/modules/agent.go:144.64,146.2 1 0
github.com/secretflow/kuscia/cmd/kuscia/modules/agent.go:148.41,150.2 1 0
github.com/secretflow/kuscia/cmd/kuscia/modules/common.go:43.26,44.68 1 0
github.com/secretflow/kuscia/cmd/kuscia/modules/common.go:44.68,46.3 1 0
github.com/secretflow/kuscia/cmd/kuscia/modules/common.go:48.2,48.73 1 0
github.com/secretflow/kuscia/cmd/kuscia/modules/common.go:48.73,50.3 1 0
github.com/secretflow/kuscia/cmd/kuscia/modules/common.go:53.79,59.16 5 1
github.com/secretflow/kuscia/cmd/kuscia/modules/common.go:59.16,61.3 1 0
github.com/secretflow/kuscia/cmd/kuscia/modules/common.go:62.2,68.16 5 1
github.com/secretflow/kuscia/cmd/kuscia/modules/common.go:68.16,70.3 1 0
github.com/secretflow/kuscia/cmd/kuscia/modules/common.go:71.2,72.16 2 1
github.com/secretflow/kuscia/cmd/kuscia/modules/common.go:72.16,74.3 1 1
github.com/secretflow/kuscia/cmd/kuscia/modules/common.go:75.2,75.37 1 1
github.com/secretflow/kuscia/cmd/kuscia/modules/common.go:75.37,78.3 1 0
github.com/secretflow/kuscia/cmd/kuscia/modules/common.go:79.2,82.16 4 1
github.com/secretflow/kuscia/cmd/kuscia/modules/common.go:82.16,84.3 1 0
github.com/secretflow/kuscia/cmd/kuscia/modules/common.go:85.2,85.61 1 1
github.com/secretflow/kuscia/cmd/kuscia/modules/common.go:85.61,87.3 1 0
github.com/secretflow/kuscia/cmd/kuscia/modules/common.go:89.2,89.54 1 1
github.com/secretflow/kuscia/cmd/kuscia/modules/common.go:89.54,91.3 1 0
github.com/secretflow/kuscia/cmd/kuscia/modules/common.go:93.2,94.12 2 1
github.com/secretflow/kuscia/cmd/kuscia/modules/confmanager.go:39.62,42.57 2 1
github.com/secretflow/kuscia/cmd/kuscia/modules/confmanager.go:42.57,44.3 1 0
github.com/secretflow/kuscia/cmd/kuscia/modules/confmanager.go:45.2,45.57 1 1
github.com/secretflow/kuscia/cmd/kuscia/modules/confmanager.go:45.57,47.3 1 0
github.com/secretflow/kuscia/cmd/kuscia/modules/confmanager.go:48.2,48.63 1 1
github.com/secretflow/kuscia/cmd/kuscia/modules/confmanager.go:48.63,50.3 1 0
github.com/secretflow/kuscia/cmd/kuscia/modules/confmanager.go:51.2,51.60 1 1
github.com/secretflow/kuscia/cmd/kuscia/modules/confmanager.go:51.60,53.3 1 0
github.com/secretflow/kuscia/cmd/kuscia/modules/confmanager.go:54.2,54.61 1 1
github.com/secretflow/kuscia/cmd/kuscia/modules/confmanager.go:54.61,56.3 1 0
github.com/secretflow/kuscia/cmd/kuscia/modules/confmanager.go:57.2,57.60 1 1
github.com/secretflow/kuscia/cmd/kuscia/modules/confmanager.go:57.60,59.3 1 0
github.com/secretflow/kuscia/cmd/kuscia/modules/confmanager.go:60.2,60.52 1 1
github.com/secretflow/kuscia/cmd/kuscia/modules/confmanager.go:60.52,62.3 1 0
github.com/secretflow/kuscia/cmd/kuscia/modules/confmanager.go:63.2,63.56 1 1
github.com/secretflow/kuscia/cmd/kuscia/modules/confmanager.go:63.56,65.3 1 0
github.com/secretflow/kuscia/cmd/kuscia/modules/confmanager.go:66.2,66.60 1 1
github.com/secretflow/kuscia/cmd/kuscia/modules/confmanager.go:66.60,68.3 1 0
github.com/secretflow/kuscia/cmd/kuscia/modules/confmanager.go:69.2,74.19 6 1
github.com/secretflow/kuscia/cmd/kuscia/modules/confmanager.go:75.26,76.52 1 0
github.com/secretflow/kuscia/cmd/kuscia/modules/confmanager.go:77.30,79.43 2 0
github.com/secretflow/kuscia/cmd/kuscia/modules/confmanager.go:81.2,83.124 2 1
github.com/secretflow/kuscia/cmd/kuscia/modules/confmanager.go:83.124,85.3 1 0
github.com/secretflow/kuscia/cmd/kuscia/modules/confmanager.go:87.2,91.62 1 1
github.com/secretflow/kuscia/cmd/kuscia/modules/confmanager.go:91.62,93.5 1 1
github.com/secretflow/kuscia/cmd/kuscia/modules/confmanager.go:99.60,101.2 1 1
github.com/secretflow/kuscia/cmd/kuscia/modules/containerd.go:50.61,53.62 1 0
github.com/secretflow/kuscia/cmd/kuscia/modules/containerd.go:53.62,55.5 1 0
github.com/secretflow/kuscia/cmd/kuscia/modules/containerd.go:67.59,70.75 3 0
github.com/secretflow/kuscia/cmd/kuscia/modules/containerd.go:70.75,72.3 1 0
github.com/secretflow/kuscia/cmd/kuscia/modules/containerd.go:75.2,76.47 2 0
github.com/secretflow/kuscia/cmd/kuscia/modules/containerd.go:76.47,77.25 1 0
github.com/secretflow/kuscia/cmd/kuscia/modules/containerd.go:77.25,78.102 1 0
github.com/secretflow/kuscia/cmd/kuscia/modules/containerd.go:78.102,80.5 1 0
github.com/secretflow/kuscia/cmd/kuscia/modules/containerd.go:81.9,83.4 1 0
github.com/secretflow/kuscia/cmd/kuscia/modules/containerd.go:86.2,86.43 1 0
github.com/secretflow/kuscia/cmd/kuscia/modules/containerd.go:86.43,88.3 1 0
github.com/secretflow/kuscia/cmd/kuscia/modules/containerd.go:90.2,99.62 6 0
github.com/secretflow/kuscia/cmd/kuscia/modules/containerd.go:99.62,101.24 2 0
github.com/secretflow/kuscia/cmd/kuscia/modules/containerd.go:101.24,103.4 1 0
github.com/secretflow/kuscia/cmd/kuscia/modules/containerd.go:104.3,109.4 3 0
github.com/secretflow/kuscia/cmd/kuscia/modules/containerd.go:113.67,118.2 4 0
github.com/secretflow/kuscia/cmd/kuscia/modules/containerd.go:120.48,122.32 2 0
github.com/secretflow/kuscia/cmd/kuscia/modules/containerd.go:122.32,124.3 1 0
github.com/secretflow/kuscia/cmd/kuscia/modules/containerd.go:126.2,126.48 1 0
github.com/secretflow/kuscia/cmd/kuscia/modules/containerd.go:126.48,127.25 1 0
github.com/secretflow/kuscia/cmd/kuscia/modules/containerd.go:127.25,130.45 3 0
github.com/secretflow/kuscia/cmd/kuscia/modules/containerd.go:130.45,132.5 1 0
github.com/secretflow/kuscia/cmd/kuscia/modules/containerd.go:135.3,136.32 2 0
github.com/secretflow/kuscia/cmd/kuscia/modules/containerd.go:136.32,140.4 3 0
github.com/secretflow/kuscia/cmd/kuscia/modules/containerd.go:143.2,143.20 1 0
github.com/secretflow/kuscia/cmd/kuscia/modules/containerd.go:146.74,147.41 1 0
github.com/secretflow/kuscia/cmd/kuscia/modules/containerd.go:147.41,149.3 1 0
github.com/secretflow/kuscia/cmd/kuscia/modules/containerd.go:150.2,162.34 5 0
github.com/secretflow/kuscia/cmd/kuscia/modules/containerd.go:162.34,164.3 1 0
github.com/secretflow/kuscia/cmd/kuscia/modules/containerd.go:167.2,167.110 1 0
github.com/secretflow/kuscia/cmd/kuscia/modules/containerd.go:167.110,170.3 2 0
github.com/secretflow/kuscia/cmd/kuscia/modules/containerd.go:171.2,171.12 1 0
github.com/secretflow/kuscia/cmd/kuscia/modules/containerd.go:175.55,178.24 2 0
github.com/secretflow/kuscia/cmd/kuscia/modules/containerd.go:178.24,180.3 1 0
github.com/secretflow/kuscia/cmd/kuscia/modules/containerd.go:180.8,182.3 1 0
github.com/secretflow/kuscia/cmd/kuscia/modules/containerd.go:186.52,188.2 1 0
github.com/secretflow/kuscia/cmd/kuscia/modules/controllers.go:32.68,87.2 2 0
github.com/secretflow/kuscia/cmd/kuscia/modules/coredns.go:93.61,101.2 1 0
github.com/secretflow/kuscia/cmd/kuscia/modules/coredns.go:103.56,105.25 2 0
github.com/secretflow/kuscia/cmd/kuscia/modules/coredns.go:105.25,106.54 1 0
github.com/secretflow/kuscia/cmd/kuscia/modules/coredns.go:106.54,109.4 2 0
github.com/secretflow/kuscia/cmd/kuscia/modules/coredns.go:112.2,114.35 1 0
github.com/secretflow/kuscia/cmd/kuscia/modules/coredns.go:114.35,116.18 2 0
github.com/secretflow/kuscia/cmd/kuscia/modules/coredns.go:116.18,118.5 1 0
github.com/secretflow/kuscia/cmd/kuscia/modules/coredns.go:120.4,120.78 1 0
github.com/secretflow/kuscia/cmd/kuscia/modules/coredns.go:120.78,123.5 2 0
github.com/secretflow/kuscia/cmd/kuscia/modules/coredns.go:124.4,125.14 2 0
github.com/secretflow/kuscia/cmd/kuscia/modules/coredns.go:128.2,131.16 3 0
github.com/secretflow/kuscia/cmd/kuscia/modules/coredns.go:131.16,133.3 1 0
github.com/secretflow/kuscia/cmd/kuscia/modules/coredns.go:135.2,139.16 2 0
github.com/secretflow/kuscia/cmd/kuscia/modules/coredns.go:139.16,142.3 2 0
github.com/secretflow/kuscia/cmd/kuscia/modules/coredns.go:144.2,148.12 4 0
github.com/secretflow/kuscia/cmd/kuscia/modules/coredns.go:148.12,151.3 2 0
github.com/secretflow/kuscia/cmd/kuscia/modules/coredns.go:153.2,153.9 1 0
github.com/secretflow/kuscia/cmd/kuscia/modules/coredns.go:154.20,156.13 2 0
github.com/secretflow/kuscia/cmd/kuscia/modules/coredns.go:157.38,158.43 1 0
github.com/secretflow/kuscia/cmd/kuscia/modules/coredns.go:162.62,164.2 1 0
github.com/secretflow/kuscia/cmd/kuscia/modules/coredns.go:166.39,168.2 1 0
github.com/secretflow/kuscia/cmd/kuscia/modules/coredns.go:170.96,172.2 1 0
github.com/secretflow/kuscia/cmd/kuscia/modules/coredns.go:174.46,177.16 3 0
github.com/secretflow/kuscia/cmd/kuscia/modules/coredns.go:177.16,179.3 1 0
github.com/secretflow/kuscia/cmd/kuscia/modules/coredns.go:181.2,184.12 4 0
github.com/secretflow/kuscia/cmd/kuscia/modules/coredns.go:184.12,185.69 1 0
github.com/secretflow/kuscia/cmd/kuscia/modules/coredns.go:185.69,187.4 1 0
github.com/secretflow/kuscia/cmd/kuscia/modules/coredns.go:189.3,189.74 1 0
github.com/secretflow/kuscia/cmd/kuscia/modules/coredns.go:189.74,191.4 1 0
github.com/secretflow/kuscia/cmd/kuscia/modules/coredns.go:194.2,194.66 1 0
github.com/secretflow/kuscia/cmd/kuscia/modules/coredns.go:194.66,196.3 1 0
github.com/secretflow/kuscia/cmd/kuscia/modules/coredns.go:198.2,199.12 2 0
github.com/secretflow/kuscia/cmd/kuscia/modules/coredns.go:202.64,204.16 2 0
github.com/secretflow/kuscia/cmd/kuscia/modules/coredns.go:204.16,206.3 1 0
github.com/secretflow/kuscia/cmd/kuscia/modules/coredns.go:207.2,209.13 3 0
github.com/secretflow/kuscia/cmd/kuscia/modules/coredns.go:211.12,212.61 1 0
github.com/secretflow/kuscia/cmd/kuscia/modules/coredns.go:212.61,214.4 1 0
github.com/secretflow/kuscia/cmd/kuscia/modules/coredns.go:215.3,215.47 1 0
github.com/secretflow/kuscia/cmd/kuscia/modules/coredns.go:217.10,218.24 1 0
github.com/secretflow/kuscia/cmd/kuscia/modules/coredns.go:218.24,219.44 1 0
github.com/secretflow/kuscia/cmd/kuscia/modules/coredns.go:219.44,221.5 1 0
github.com/secretflow/kuscia/cmd/kuscia/modules/coredns.go:227.3,228.34 2 0
github.com/secretflow/kuscia/cmd/kuscia/modules/coredns.go:228.34,229.41 1 0
github.com/secretflow/kuscia/cmd/kuscia/modules/coredns.go:229.41,231.10 2 0
github.com/secretflow/kuscia/cmd/kuscia/modules/coredns.go:234.3,234.23 1 0
github.com/secretflow/kuscia/cmd/kuscia/modules/coredns.go:234.23,237.4 2 0
github.com/secretflow/kuscia/cmd/kuscia/modules/coredns.go:240.2,241.16 2 0
github.com/secretflow/kuscia/cmd/kuscia/modules/coredns.go:241.16,243.3 1 0
github.com/secretflow/kuscia/cmd/kuscia/modules/coredns.go:244.2,245.33 2 0
github.com/secretflow/kuscia/cmd/kuscia/modules/coredns.go:245.33,246.49 1 0
github.com/secretflow/kuscia/cmd/kuscia/modules/coredns.go:246.49,248.4 1 0
github.com/secretflow/kuscia/cmd/kuscia/modules/coredns.go:250.2,250.12 1 0
github.com/secretflow/kuscia/cmd/kuscia/modules/coredns.go:253.56,256.16 3 0
github.com/secretflow/kuscia/cmd/kuscia/modules/coredns.go:256.16,258.3 1 0
github.com/secretflow/kuscia/cmd/kuscia/modules/coredns.go:259.2,262.21 3 0
github.com/secretflow/kuscia/cmd/kuscia/modules/coredns.go:262.21,264.3 1 0
github.com/secretflow/kuscia/cmd/kuscia/modules/coredns.go:265.2,265.26 1 0
github.com/secretflow/kuscia/cmd/kuscia/modules/coredns.go:265.26,267.3 1 0
github.com/secretflow/kuscia/cmd/kuscia/modules/coredns.go:268.2,268.19 1 0
github.com/secretflow/kuscia/cmd/kuscia/modules/datamesh.go:34.59,40.23 5 1
github.com/secretflow/kuscia/cmd/kuscia/modules/datamesh.go:40.23,43.3 2 0
github.com/secretflow/kuscia/cmd/kuscia/modules/datamesh.go:45.2,47.95 3 1
github.com/secretflow/kuscia/cmd/kuscia/modules/datamesh.go:47.95,49.3 1 0
github.com/secretflow/kuscia/cmd/kuscia/modules/datamesh.go:52.2,53.16 2 1
github.com/secretflow/kuscia/cmd/kuscia/modules/datamesh.go:53.16,56.3 2 0
github.com/secretflow/kuscia/cmd/kuscia/modules/datamesh.go:57.2,65.62 4 1
github.com/secretflow/kuscia/cmd/kuscia/modules/datamesh.go:65.62,67.5 1 1
github.com/secretflow/kuscia/cmd/kuscia/modules/datamesh.go:74.57,76.2 1 1
github.com/secretflow/kuscia/cmd/kuscia/modules/diagnose.go:33.59,44.2 2 0
github.com/secretflow/kuscia/cmd/kuscia/modules/diagnose.go:46.57,48.16 2 0
github.com/secretflow/kuscia/cmd/kuscia/modules/diagnose.go:48.16,50.3 1 0
github.com/secretflow/kuscia/cmd/kuscia/modules/diagnose.go:51.2,51.12 1 0
github.com/secretflow/kuscia/cmd/kuscia/modules/diagnose.go:54.63,56.2 1 0
github.com/secretflow/kuscia/cmd/kuscia/modules/diagnose.go:58.40,60.2 1 0
github.com/secretflow/kuscia/cmd/kuscia/modules/domainroute.go:42.62,54.38 11 0
github.com/secretflow/kuscia/cmd/kuscia/modules/domainroute.go:54.38,56.3 1 0
github.com/secretflow/kuscia/cmd/kuscia/modules/domainroute.go:58.2,59.18 2 0
github.com/secretflow/kuscia/cmd/kuscia/modules/domainroute.go:60.20,61.20 1 0
github.com/secretflow/kuscia/cmd/kuscia/modules/domainroute.go:62.31,65.4 1 0
github.com/secretflow/kuscia/cmd/kuscia/modules/domainroute.go:68.2,68.49 1 0
github.com/secretflow/kuscia/cmd/kuscia/modules/domainroute.go:68.49,69.62 1 0
github.com/secretflow/kuscia/cmd/kuscia/modules/domainroute.go:69.62,72.18 3 0
github.com/secretflow/kuscia/cmd/kuscia/modules/domainroute.go:72.18,74.5 1 0
github.com/secretflow/kuscia/cmd/kuscia/modules/domainroute.go:77.2,79.25 2 0
github.com/secretflow/kuscia/cmd/kuscia/modules/domainroute.go:79.25,83.3 1 0
github.com/secretflow/kuscia/cmd/kuscia/modules/domainroute.go:84.2,84.34 1 0
github.com/secretflow/kuscia/cmd/kuscia/modules/domainroute.go:84.34,88.3 1 0
github.com/secretflow/kuscia/cmd/kuscia/modules/domainroute.go:90.2,93.65 1 0
github.com/secretflow/kuscia/cmd/kuscia/modules/domainroute.go:93.65,94.27 1 0
github.com/secretflow/kuscia/cmd/kuscia/modules/domainroute.go:94.27,96.5 1 0
github.com/secretflow/kuscia/cmd/kuscia/modules/domainroute.go:97.4,98.18 2 0
github.com/secretflow/kuscia/cmd/kuscia/modules/domainroute.go:98.18,101.5 2 0
github.com/secretflow/kuscia/cmd/kuscia/modules/domainroute.go:102.4,103.18 2 0
github.com/secretflow/kuscia/cmd/kuscia/modules/domainroute.go:103.18,105.5 1 0
github.com/secretflow/kuscia/cmd/kuscia/modules/domainroute.go:106.4,110.18 4 0
github.com/secretflow/kuscia/cmd/kuscia/modules/domainroute.go:110.18,113.5 2 0
github.com/secretflow/kuscia/cmd/kuscia/modules/domainroute.go:114.4,114.34 1 0
github.com/secretflow/kuscia/cmd/kuscia/modules/domainroute.go:119.60,121.2 1 0
github.com/secretflow/kuscia/cmd/kuscia/modules/domainroute.go:123.66,125.2 1 0
github.com/secretflow/kuscia/cmd/kuscia/modules/domainroute.go:127.43,129.2 1 0
github.com/secretflow/kuscia/cmd/kuscia/modules/domainroute.go:131.91,132.51 1 0
github.com/secretflow/kuscia/cmd/kuscia/modules/domainroute.go:132.51,136.3 2 0
github.com/secretflow/kuscia/cmd/kuscia/modules/domainroute.go:137.2,137.35 1 0
github.com/secretflow/kuscia/cmd/kuscia/modules/domainroute.go:137.35,140.23 2 0
github.com/secretflow/kuscia/cmd/kuscia/modules/domainroute.go:140.23,142.4 1 0
github.com/secretflow/kuscia/cmd/kuscia/modules/domainroute.go:143.3,144.22 2 0
github.com/secretflow/kuscia/cmd/kuscia/modules/domainroute.go:144.22,146.4 1 0
github.com/secretflow/kuscia/cmd/kuscia/modules/domainroute.go:147.3,147.21 1 0
github.com/secretflow/kuscia/cmd/kuscia/modules/domainroute.go:150.2,150.17 1 0
github.com/secretflow/kuscia/cmd/kuscia/modules/envoy.go:55.44,57.2 1 0
github.com/secretflow/kuscia/cmd/kuscia/modules/envoy.go:59.56,64.91 1 0
github.com/secretflow/kuscia/cmd/kuscia/modules/envoy.go:64.91,66.22 2 0
github.com/secretflow/kuscia/cmd/kuscia/modules/envoy.go:66.22,68.6 1 0
github.com/secretflow/kuscia/cmd/kuscia/modules/envoy.go:69.5,69.15 1 0
github.com/secretflow/kuscia/cmd/kuscia/modules/envoy.go:80.54,81.96 1 0
github.com/secretflow/kuscia/cmd/kuscia/modules/envoy.go:81.96,83.3 1 0
github.com/secretflow/kuscia/cmd/kuscia/modules/envoy.go:84.2,85.16 2 0
github.com/secretflow/kuscia/cmd/kuscia/modules/envoy.go:85.16,87.3 1 0
github.com/secretflow/kuscia/cmd/kuscia/modules/envoy.go:89.2,103.16 5 0
github.com/secretflow/kuscia/cmd/kuscia/modules/envoy.go:103.16,105.3 1 0
github.com/secretflow/kuscia/cmd/kuscia/modules/envoy.go:108.2,111.62 3 0
github.com/secretflow/kuscia/cmd/kuscia/modules/envoy.go:111.62,120.3 5 0
github.com/secretflow/kuscia/cmd/kuscia/modules/envoy.go:123.78,128.86 3 0
github.com/secretflow/kuscia/cmd/kuscia/modules/envoy.go:128.86,130.3 1 0
github.com/secretflow/kuscia/cmd/kuscia/modules/envoy.go:131.2,131.22 1 0
github.com/secretflow/kuscia/cmd/kuscia/modules/envoy.go:134.71,135.6 1 0
github.com/secretflow/kuscia/cmd/kuscia/modules/envoy.go:135.6,139.12 4 0
github.com/secretflow/kuscia/cmd/kuscia/modules/envoy.go:139.12,142.4 2 0
github.com/secretflow/kuscia/cmd/kuscia/modules/envoy.go:144.3,144.10 1 0
github.com/secretflow/kuscia/cmd/kuscia/modules/envoy.go:145.21,147.10 2 0
github.com/secretflow/kuscia/cmd/kuscia/modules/envoy.go:148.24,148.24 0 0
github.com/secretflow/kuscia/cmd/kuscia/modules/envoy.go:151.3,151.19 1 0
github.com/secretflow/kuscia/cmd/kuscia/modules/envoy.go:156.36,159.34 2 0
github.com/secretflow/kuscia/cmd/kuscia/modules/envoy.go:159.34,161.3 1 0
github.com/secretflow/kuscia/cmd/kuscia/modules/envoy.go:164.89,173.16 3 0
github.com/secretflow/kuscia/cmd/kuscia/modules/envoy.go:173.16,176.3 2 0
github.com/secretflow/kuscia/cmd/kuscia/modules/envoy.go:180.2,181.16 2 0
github.com/secretflow/kuscia/cmd/kuscia/modules/envoy.go:181.16,184.3 2 0
github.com/secretflow/kuscia/cmd/kuscia/modules/envoy.go:185.2,187.26 2 0
github.com/secretflow/kuscia/cmd/kuscia/modules/envoy.go:187.26,189.17 2 0
github.com/secretflow/kuscia/cmd/kuscia/modules/envoy.go:189.17,192.4 2 0
github.com/secretflow/kuscia/cmd/kuscia/modules/envoy.go:194.3,194.36 1 0
github.com/secretflow/kuscia/cmd/kuscia/modules/envoy.go:194.36,196.45 2 0
github.com/secretflow/kuscia/cmd/kuscia/modules/envoy.go:196.45,200.5 2 0
github.com/secretflow/kuscia/cmd/kuscia/modules/envoy.go:204.2,204.6 1 0
github.com/secretflow/kuscia/cmd/kuscia/modules/envoy.go:204.6,207.10 1 0
github.com/secretflow/kuscia/cmd/kuscia/modules/envoy.go:208.21,210.10 2 0
github.com/secretflow/kuscia/cmd/kuscia/modules/envoy.go:211.19,212.19 1 0
github.com/secretflow/kuscia/cmd/kuscia/modules/envoy.go:218.39,221.16 2 0
github.com/secretflow/kuscia/cmd/kuscia/modules/envoy.go:221.16,224.3 2 0
github.com/secretflow/kuscia/cmd/kuscia/modules/envoy.go:226.2,226.41 1 0
github.com/secretflow/kuscia/cmd/kuscia/modules/envoy.go:230.65,232.19 1 0
github.com/secretflow/kuscia/cmd/kuscia/modules/envoy.go:232.19,234.3 1 0
github.com/secretflow/kuscia/cmd/kuscia/modules/envoy.go:236.2,236.38 1 0
github.com/secretflow/kuscia/cmd/kuscia/modules/envoy.go:239.74,242.16 3 0
github.com/secretflow/kuscia/cmd/kuscia/modules/envoy.go:242.16,244.3 1 0
github.com/secretflow/kuscia/cmd/kuscia/modules/envoy.go:245.2,247.21 3 0
github.com/secretflow/kuscia/cmd/kuscia/modules/interconn.go:23.63,25.2 1 0
github.com/secretflow/kuscia/cmd/kuscia/modules/k3s.go:84.54,87.24 3 0
github.com/secretflow/kuscia/cmd/kuscia/modules/k3s.go:87.24,89.3 1 0
github.com/secretflow/kuscia/cmd/kuscia/modules/k3s.go:90.2,91.16 2 0
github.com/secretflow/kuscia/cmd/kuscia/modules/k3s.go:91.16,93.3 1 0
github.com/secretflow/kuscia/cmd/kuscia/modules/k3s.go:94.2,107.8 1 0
github.com/secretflow/kuscia/cmd/kuscia/modules/k3s.go:110.52,113.16 2 0
github.com/secretflow/kuscia/cmd/kuscia/modules/k3s.go:113.16,116.3 2 0
github.com/secretflow/kuscia/cmd/kuscia/modules/k3s.go:118.2,138.26 2 0
github.com/secretflow/kuscia/cmd/kuscia/modules/k3s.go:138.26,140.3 1 0
github.com/secretflow/kuscia/cmd/kuscia/modules/k3s.go:141.2,141.31 1 0
github.com/secretflow/kuscia/cmd/kuscia/modules/k3s.go:141.31,143.3 1 0
github.com/secretflow/kuscia/cmd/kuscia/modules/k3s.go:144.2,144.26 1 0
github.com/secretflow/kuscia/cmd/kuscia/modules/k3s.go:144.26,146.3 1 0
github.com/secretflow/kuscia/cmd/kuscia/modules/k3s.go:147.2,147.19 1 0
github.com/secretflow/kuscia/cmd/kuscia/modules/k3s.go:147.19,154.3 1 0
github.com/secretflow/kuscia/cmd/kuscia/modules/k3s.go:156.2,161.12 5 0
github.com/secretflow/kuscia/cmd/kuscia/modules/k3s.go:161.12,163.26 2 0
github.com/secretflow/kuscia/cmd/kuscia/modules/k3s.go:163.26,165.4 1 0
github.com/secretflow/kuscia/cmd/kuscia/modules/k3s.go:166.3,167.37 2 0
github.com/secretflow/kuscia/cmd/kuscia/modules/k3s.go:169.2,169.61 1 0
github.com/secretflow/kuscia/cmd/kuscia/modules/k3s.go:169.61,181.3 7 0
github.com/secretflow/kuscia/cmd/kuscia/modules/k3s.go:183.2,183.16 1 0
github.com/secretflow/kuscia/cmd/kuscia/modules/k3s.go:183.16,185.3 1 0
github.com/secretflow/kuscia/cmd/kuscia/modules/k3s.go:187.2,187.12 1 0
github.com/secretflow/kuscia/cmd/kuscia/modules/k3s.go:190.58,191.9 1 0
github.com/secretflow/kuscia/cmd/kuscia/modules/k3s.go:192.20,193.19 1 0
github.com/secretflow/kuscia/cmd/kuscia/modules/k3s.go:194.19,196.22 2 0
github.com/secretflow/kuscia/cmd/kuscia/modules/k3s.go:200.35,202.2 1 0
github.com/secretflow/kuscia/cmd/kuscia/modules/k3s.go:204.64,209.6 5 0
github.com/secretflow/kuscia/cmd/kuscia/modules/k3s.go:209.6,210.10 1 0
github.com/secretflow/kuscia/cmd/kuscia/modules/k3s.go:211.21,212.20 1 0
github.com/secretflow/kuscia/cmd/kuscia/modules/k3s.go:213.24,214.58 1 0
github.com/secretflow/kuscia/cmd/kuscia/modules/k3s.go:214.58,216.5 1 0
github.com/secretflow/kuscia/cmd/kuscia/modules/k3s.go:217.19,218.47 1 0
github.com/secretflow/kuscia/cmd/kuscia/modules/k3s.go:223.72,224.41 1 0
github.com/secretflow/kuscia/cmd/kuscia/modules/k3s.go:224.41,227.3 2 0
github.com/secretflow/kuscia/cmd/kuscia/modules/k3s.go:228.2,228.53 1 0
github.com/secretflow/kuscia/cmd/kuscia/modules/k3s.go:228.53,231.3 2 0
github.com/secretflow/kuscia/cmd/kuscia/modules/k3s.go:232.2,232.52 1 0
github.com/secretflow/kuscia/cmd/kuscia/modules/k3s.go:232.52,235.3 2 0
github.com/secretflow/kuscia/cmd/kuscia/modules/k3s.go:237.2,238.16 2 0
github.com/secretflow/kuscia/cmd/kuscia/modules/k3s.go:238.16,241.3 2 0
github.com/secretflow/kuscia/cmd/kuscia/modules/k3s.go:243.2,245.57 2 0
github.com/secretflow/kuscia/cmd/kuscia/modules/k3s.go:245.57,248.3 2 0
github.com/secretflow/kuscia/cmd/kuscia/modules/k3s.go:249.2,251.58 2 0
github.com/secretflow/kuscia/cmd/kuscia/modules/k3s.go:251.58,254.3 2 0
github.com/secretflow/kuscia/cmd/kuscia/modules/k3s.go:256.2,258.12 2 0
github.com/secretflow/kuscia/cmd/kuscia/modules/k3s.go:262.47,264.33 1 0
github.com/secretflow/kuscia/cmd/kuscia/modules/k3s.go:264.33,268.3 3 0
github.com/secretflow/kuscia/cmd/kuscia/modules/k3s.go:271.2,275.136 4 0
github.com/secretflow/kuscia/cmd/kuscia/modules/k3s.go:275.136,279.3 3 0
github.com/secretflow/kuscia/cmd/kuscia/modules/k3s.go:281.2,282.16 2 0
github.com/secretflow/kuscia/cmd/kuscia/modules/k3s.go:282.16,285.3 2 0
github.com/secretflow/kuscia/cmd/kuscia/modules/k3s.go:286.2,287.48 2 0
github.com/secretflow/kuscia/cmd/kuscia/modules/k3s.go:287.48,291.3 3 0
github.com/secretflow/kuscia/cmd/kuscia/modules/k3s.go:292.2,293.16 2 0
github.com/secretflow/kuscia/cmd/kuscia/modules/k3s.go:293.16,296.3 2 0
github.com/secretflow/kuscia/cmd/kuscia/modules/k3s.go:298.2,299.16 2 0
github.com/secretflow/kuscia/cmd/kuscia/modules/k3s.go:299.16,302.3 2 0
github.com/secretflow/kuscia/cmd/kuscia/modules/k3s.go:304.2,305.16 2 0
github.com/secretflow/kuscia/cmd/kuscia/modules/k3s.go:305.16,308.3 2 0
github.com/secretflow/kuscia/cmd/kuscia/modules/k3s.go:310.2,320.16 5 0
github.com/secretflow/kuscia/cmd/kuscia/modules/k3s.go:320.16,323.3 2 0
github.com/secretflow/kuscia/cmd/kuscia/modules/k3s.go:324.2,325.16 2 0
github.com/secretflow/kuscia/cmd/kuscia/modules/k3s.go:325.16,328.3 2 0
github.com/secretflow/kuscia/cmd/kuscia/modules/k3s.go:329.2,329.37 1 0
github.com/secretflow/kuscia/cmd/kuscia/modules/k3s.go:329.37,332.3 2 0
github.com/secretflow/kuscia/cmd/kuscia/modules/k3s.go:333.2,335.16 3 0
github.com/secretflow/kuscia/cmd/kuscia/modules/k3s.go:335.16,338.3 2 0
github.com/secretflow/kuscia/cmd/kuscia/modules/k3s.go:339.2,339.31 1 0
github.com/secretflow/kuscia/cmd/kuscia/modules/k3s.go:339.31,341.3 1 0
github.com/secretflow/kuscia/cmd/kuscia/modules/k3s.go:342.2,342.12 1 0
github.com/secretflow/kuscia/cmd/kuscia/modules/k3s.go:345.49,348.16 3 0
github.com/secretflow/kuscia/cmd/kuscia/modules/k3s.go:348.16,350.3 1 0
github.com/secretflow/kuscia/cmd/kuscia/modules/k3s.go:351.2,352.27 2 0
github.com/secretflow/kuscia/cmd/kuscia/modules/k3s.go:352.27,353.18 1 0
github.com/secretflow/kuscia/cmd/kuscia/modules/k3s.go:353.18,354.12 1 0
github.com/secretflow/kuscia/cmd/kuscia/modules/k3s.go:356.3,358.21 3 0
github.com/secretflow/kuscia/cmd/kuscia/modules/k3s.go:358.21,361.4 2 0
github.com/secretflow/kuscia/cmd/kuscia/modules/k3s.go:363.2,364.12 2 0
github.com/secretflow/kuscia/cmd/kuscia/modules/k3s.go:367.60,380.16 3 0
github.com/secretflow/kuscia/cmd/kuscia/modules/k3s.go:380.16,382.3 1 0
github.com/secretflow/kuscia/cmd/kuscia/modules/k3s.go:383.2,385.16 3 0
github.com/secretflow/kuscia/cmd/kuscia/modules/k3s.go:385.16,387.3 1 0
github.com/secretflow/kuscia/cmd/kuscia/modules/k3s.go:388.2,399.101 4 0
github.com/secretflow/kuscia/cmd/kuscia/modules/k3s.go:399.101,401.3 1 0
github.com/secretflow/kuscia/cmd/kuscia/modules/k3s.go:402.2,415.83 3 0
github.com/secretflow/kuscia/cmd/kuscia/modules/k3s.go:415.83,417.3 1 0
github.com/secretflow/kuscia/cmd/kuscia/modules/k3s.go:418.2,425.33 4 0
github.com/secretflow/kuscia/cmd/kuscia/modules/k3s.go:425.33,427.21 2 0
github.com/secretflow/kuscia/cmd/kuscia/modules/k3s.go:427.21,430.4 2 0
github.com/secretflow/kuscia/cmd/kuscia/modules/k3s.go:432.2,433.12 2 0
github.com/secretflow/kuscia/cmd/kuscia/modules/k3s.go:436.61,442.37 3 0
github.com/secretflow/kuscia/cmd/kuscia/modules/k3s.go:442.37,444.21 2 0
github.com/secretflow/kuscia/cmd/kuscia/modules/k3s.go:444.21,447.4 2 0
github.com/secretflow/kuscia/cmd/kuscia/modules/k3s.go:449.2,450.12 2 0
github.com/secretflow/kuscia/cmd/kuscia/modules/k3s.go:453.57,457.16 4 0
github.com/secretflow/kuscia/cmd/kuscia/modules/k3s.go:457.16,459.3 1 0
github.com/secretflow/kuscia/cmd/kuscia/modules/k3s.go:460.2,460.30 1 0
github.com/secretflow/kuscia/cmd/kuscia/modules/k3s.go:463.81,466.16 3 0
github.com/secretflow/kuscia/cmd/kuscia/modules/k3s.go:466.16,468.3 1 0
github.com/secretflow/kuscia/cmd/kuscia/modules/k3s.go:470.2,478.36 3 0
github.com/secretflow/kuscia/cmd/kuscia/modules/k3s.go:478.36,480.20 2 0
github.com/secretflow/kuscia/cmd/kuscia/modules/k3s.go:480.20,482.4 1 0
github.com/secretflow/kuscia/cmd/kuscia/modules/k3s.go:483.3,483.30 1 0
github.com/secretflow/kuscia/cmd/kuscia/modules/k3s.go:483.30,488.4 4 0
github.com/secretflow/kuscia/cmd/kuscia/modules/k3s.go:489.3,489.13 1 0
github.com/secretflow/kuscia/cmd/kuscia/modules/k3s.go:492.2,492.12 1 0
github.com/secretflow/kuscia/cmd/kuscia/modules/k3s.go:495.82,500.41 1 0
github.com/secretflow/kuscia/cmd/kuscia/modules/k3s.go:500.41,501.38 1 0
github.com/secretflow/kuscia/cmd/kuscia/modules/k3s.go:501.38,503.4 1 0
github.com/secretflow/kuscia/cmd/kuscia/modules/k3s.go:506.2,506.12 1 0
github.com/secretflow/kuscia/cmd/kuscia/modules/k3s.go:510.55,512.24 2 0
github.com/secretflow/kuscia/cmd/kuscia/modules/k3s.go:512.24,514.3 1 0
github.com/secretflow/kuscia/cmd/kuscia/modules/k3s.go:514.8,516.3 1 0
github.com/secretflow/kuscia/cmd/kuscia/modules/k3s.go:520.45,522.2 1 0
github.com/secretflow/kuscia/cmd/kuscia/modules/kusciaapi.go:64.60,66.39 2 1
github.com/secretflow/kuscia/cmd/kuscia/modules/kusciaapi.go:66.39,68.3 1 1
github.com/secretflow/kuscia/cmd/kuscia/modules/kusciaapi.go:69.2,83.20 14 1
github.com/secretflow/kuscia/cmd/kuscia/modules/kusciaapi.go:83.20,86.3 2 1
github.com/secretflow/kuscia/cmd/kuscia/modules/kusciaapi.go:86.8,86.37 1 1
github.com/secretflow/kuscia/cmd/kuscia/modules/kusciaapi.go:86.37,89.3 2 1
github.com/secretflow/kuscia/cmd/kuscia/modules/kusciaapi.go:91.2,91.32 1 1
github.com/secretflow/kuscia/cmd/kuscia/modules/kusciaapi.go:91.32,92.100 1 1
github.com/secretflow/kuscia/cmd/kuscia/modules/kusciaapi.go:92.100,94.4 1 0
github.com/secretflow/kuscia/cmd/kuscia/modules/kusciaapi.go:97.2,97.34 1 1
github.com/secretflow/kuscia/cmd/kuscia/modules/kusciaapi.go:97.34,99.58 2 1
github.com/secretflow/kuscia/cmd/kuscia/modules/kusciaapi.go:99.58,101.18 2 1
github.com/secretflow/kuscia/cmd/kuscia/modules/kusciaapi.go:101.18,104.5 2 0
github.com/secretflow/kuscia/cmd/kuscia/modules/kusciaapi.go:105.4,105.80 1 1
github.com/secretflow/kuscia/cmd/kuscia/modules/kusciaapi.go:105.80,108.5 2 0
github.com/secretflow/kuscia/cmd/kuscia/modules/kusciaapi.go:111.2,112.16 2 1
github.com/secretflow/kuscia/cmd/kuscia/modules/kusciaapi.go:112.16,115.3 2 0
github.com/secretflow/kuscia/cmd/kuscia/modules/kusciaapi.go:117.2,124.62 3 1
github.com/secretflow/kuscia/cmd/kuscia/modules/kusciaapi.go:124.62,125.147 1 1
github.com/secretflow/kuscia/cmd/kuscia/modules/kusciaapi.go:125.147,127.6 1 0
github.com/secretflow/kuscia/cmd/kuscia/modules/kusciaapi.go:128.5,128.15 1 1
github.com/secretflow/kuscia/cmd/kuscia/modules/kusciaapi.go:137.100,140.16 3 1
github.com/secretflow/kuscia/cmd/kuscia/modules/kusciaapi.go:140.16,142.3 1 0
github.com/secretflow/kuscia/cmd/kuscia/modules/kusciaapi.go:143.2,143.99 1 1
github.com/secretflow/kuscia/cmd/kuscia/modules/kusciaapi.go:146.58,148.2 1 1
github.com/secretflow/kuscia/cmd/kuscia/modules/kusciaapi.go:150.150,155.22 4 1
github.com/secretflow/kuscia/cmd/kuscia/modules/kusciaapi.go:155.22,156.29 1 1
github.com/secretflow/kuscia/cmd/kuscia/modules/kusciaapi.go:156.29,158.4 1 1
github.com/secretflow/kuscia/cmd/kuscia/modules/kusciaapi.go:158.9,160.4 1 1
github.com/secretflow/kuscia/cmd/kuscia/modules/kusciaapi.go:161.3,161.17 1 1
github.com/secretflow/kuscia/cmd/kuscia/modules/kusciaapi.go:161.17,164.4 2 0
github.com/secretflow/kuscia/cmd/kuscia/modules/kusciaapi.go:165.3,165.33 1 1
github.com/secretflow/kuscia/cmd/kuscia/modules/kusciaapi.go:169.2,171.24 3 1
github.com/secretflow/kuscia/cmd/kuscia/modules/kusciaapi.go:171.24,173.17 2 1
github.com/secretflow/kuscia/cmd/kuscia/modules/kusciaapi.go:173.17,176.4 2 0
github.com/secretflow/kuscia/cmd/kuscia/modules/kusciaapi.go:177.3,177.19 1 1
github.com/secretflow/kuscia/cmd/kuscia/modules/kusciaapi.go:181.2,184.16 4 1
github.com/secretflow/kuscia/cmd/kuscia/modules/kusciaapi.go:184.16,187.3 2 0
github.com/secretflow/kuscia/cmd/kuscia/modules/kusciaapi.go:188.2,189.16 2 1
github.com/secretflow/kuscia/cmd/kuscia/modules/kusciaapi.go:189.16,192.3 2 0
github.com/secretflow/kuscia/cmd/kuscia/modules/kusciaapi.go:193.2,194.15 2 1
github.com/secretflow/kuscia/cmd/kuscia/modules/kusciaapi.go:194.15,196.3 1 1
github.com/secretflow/kuscia/cmd/kuscia/modules/kusciaapi.go:197.2,198.16 2 1
github.com/secretflow/kuscia/cmd/kuscia/modules/kusciaapi.go:198.16,201.3 2 0
github.com/secretflow/kuscia/cmd/kuscia/modules/kusciaapi.go:202.2,202.37 1 1
github.com/secretflow/kuscia/cmd/kuscia/modules/kusciaapi.go:202.37,205.3 2 0
github.com/secretflow/kuscia/cmd/kuscia/modules/kusciaapi.go:206.2,209.16 4 1
github.com/secretflow/kuscia/cmd/kuscia/modules/kusciaapi.go:209.16,212.3 2 0
github.com/secretflow/kuscia/cmd/kuscia/modules/kusciaapi.go:213.2,213.61 1 1
github.com/secretflow/kuscia/cmd/kuscia/modules/kusciaapi.go:213.61,216.3 2 0
github.com/secretflow/kuscia/cmd/kuscia/modules/kusciaapi.go:217.2,217.28 1 1
github.com/secretflow/kuscia/cmd/kuscia/modules/kusciaapi.go:217.28,219.3 1 0
github.com/secretflow/kuscia/cmd/kuscia/modules/kusciaapi.go:220.2,224.28 3 1
github.com/secretflow/kuscia/cmd/kuscia/modules/kusciaapi.go:224.28,227.3 2 1
github.com/secretflow/kuscia/cmd/kuscia/modules/kusciaapi.go:227.8,229.3 1 1
github.com/secretflow/kuscia/cmd/kuscia/modules/kusciaapi.go:231.2,231.15 1 1
github.com/secretflow/kuscia/cmd/kuscia/modules/kusciaapi.go:231.15,233.3 1 1
github.com/secretflow/kuscia/cmd/kuscia/modules/kusciaapi.go:235.2,237.16 3 1
github.com/secretflow/kuscia/cmd/kuscia/modules/kusciaapi.go:237.16,239.3 1 0
github.com/secretflow/kuscia/cmd/kuscia/modules/kusciaapi.go:240.2,245.16 6 1
github.com/secretflow/kuscia/cmd/kuscia/modules/kusciaapi.go:245.16,247.3 1 0
github.com/secretflow/kuscia/cmd/kuscia/modules/kusciaapi.go:248.2,248.23 1 1
github.com/secretflow/kuscia/cmd/kuscia/modules/metricexporter.go:40.65,43.39 2 1
github.com/secretflow/kuscia/cmd/kuscia/modules/metricexporter.go:43.39,44.54 1 1
github.com/secretflow/kuscia/cmd/kuscia/modules/metricexporter.go:44.54,47.4 2 1
github.com/secretflow/kuscia/cmd/kuscia/modules/metricexporter.go:47.9,49.4 1 0
github.com/secretflow/kuscia/cmd/kuscia/modules/metricexporter.go:50.8,52.3 1 0
github.com/secretflow/kuscia/cmd/kuscia/modules/metricexporter.go:54.2,59.69 2 1
github.com/secretflow/kuscia/cmd/kuscia/modules/metricexporter.go:59.69,61.5 1 1
github.com/secretflow/kuscia/cmd/kuscia/modules/metricexporter.go:74.2,74.22 1 1
github.com/secretflow/kuscia/cmd/kuscia/modules/metricexporter.go:77.70,80.2 2 1
github.com/secretflow/kuscia/cmd/kuscia/modules/modules.go:60.61,62.2 1 0
github.com/secretflow/kuscia/cmd/kuscia/modules/modules.go:64.67,70.6 6 1
github.com/secretflow/kuscia/cmd/kuscia/modules/modules.go:70.6,71.10 1 1
github.com/secretflow/kuscia/cmd/kuscia/modules/modules.go:72.21,73.20 1 0
github.com/secretflow/kuscia/cmd/kuscia/modules/modules.go:74.24,75.67 1 1
github.com/secretflow/kuscia/cmd/kuscia/modules/modules.go:75.67,77.5 1 1
github.com/secretflow/kuscia/cmd/kuscia/modules/modules.go:78.19,79.80 1 0
github.com/secretflow/kuscia/cmd/kuscia/modules/modules.go:84.44,86.2 1 1
github.com/secretflow/kuscia/cmd/kuscia/modules/modules.go:88.93,90.9 2 0
github.com/secretflow/kuscia/cmd/kuscia/modules/modules.go:91.12,92.13 1 0
github.com/secretflow/kuscia/cmd/kuscia/modules/modules.go:93.20,94.19 1 0
github.com/secretflow/kuscia/cmd/kuscia/modules/modules.go:95.18,96.42 1 0
github.com/secretflow/kuscia/cmd/kuscia/modules/modules.go:105.35,107.2 1 0
github.com/secretflow/kuscia/cmd/kuscia/modules/modules.go:109.34,111.2 1 0
github.com/secretflow/kuscia/cmd/kuscia/modules/modules.go:113.34,114.42 1 0
github.com/secretflow/kuscia/cmd/kuscia/modules/modules.go:114.42,116.32 1 0
github.com/secretflow/kuscia/cmd/kuscia/modules/modules.go:116.32,118.4 1 0
github.com/secretflow/kuscia/cmd/kuscia/modules/modules.go:119.3,119.44 1 0
github.com/secretflow/kuscia/cmd/kuscia/modules/modules.go:121.2,121.12 1 0
github.com/secretflow/kuscia/cmd/kuscia/modules/modules.go:124.31,125.42 1 0
github.com/secretflow/kuscia/cmd/kuscia/modules/modules.go:125.42,127.3 1 0
github.com/secretflow/kuscia/cmd/kuscia/modules/modules.go:128.2,128.10 1 0
github.com/secretflow/kuscia/cmd/kuscia/modules/modules.go:131.41,132.20 1 0
github.com/secretflow/kuscia/cmd/kuscia/modules/modules.go:132.20,134.3 1 0
github.com/secretflow/kuscia/cmd/kuscia/modules/modules.go:136.2,136.50 1 0
github.com/secretflow/kuscia/cmd/kuscia/modules/modules.go:136.50,137.64 1 0
github.com/secretflow/kuscia/cmd/kuscia/modules/modules.go:137.64,140.4 2 0
github.com/secretflow/kuscia/cmd/kuscia/modules/modules.go:142.2,142.12 1 0
github.com/secretflow/kuscia/cmd/kuscia/modules/nodeexporter.go:37.63,43.69 2 0
github.com/secretflow/kuscia/cmd/kuscia/modules/nodeexporter.go:43.69,45.5 1 0
github.com/secretflow/kuscia/cmd/kuscia/modules/nodeexporter.go:53.68,60.62 6 0
github.com/secretflow/kuscia/cmd/kuscia/modules/nodeexporter.go:60.62,69.3 5 0
github.com/secretflow/kuscia/cmd/kuscia/modules/nodeexporter.go:72.39,116.2 3 0
github.com/secretflow/kuscia/cmd/kuscia/modules/reporter.go:44.59,59.62 8 1
github.com/secretflow/kuscia/cmd/kuscia/modules/reporter.go:59.62,60.49 1 1
github.com/secretflow/kuscia/cmd/kuscia/modules/reporter.go:60.49,62.6 1 0
github.com/secretflow/kuscia/cmd/kuscia/modules/reporter.go:63.5,63.15 1 1
github.com/secretflow/kuscia/cmd/kuscia/modules/reporter.go:70.57,72.2 1 1
github.com/secretflow/kuscia/cmd/kuscia/modules/reporter.go:74.42,82.16 7 1
github.com/secretflow/kuscia/cmd/kuscia/modules/reporter.go:82.16,85.3 2 0
github.com/secretflow/kuscia/cmd/kuscia/modules/reporter.go:86.2,87.16 2 1
github.com/secretflow/kuscia/cmd/kuscia/modules/reporter.go:87.16,90.3 2 0
github.com/secretflow/kuscia/cmd/kuscia/modules/reporter.go:91.2,93.16 3 1
github.com/secretflow/kuscia/cmd/kuscia/modules/reporter.go:93.16,96.3 2 0
github.com/secretflow/kuscia/cmd/kuscia/modules/reporter.go:97.2,97.37 1 1
github.com/secretflow/kuscia/cmd/kuscia/modules/reporter.go:97.37,100.3 2 0
github.com/secretflow/kuscia/cmd/kuscia/modules/reporter.go:101.2,104.16 4 1
github.com/secretflow/kuscia/cmd/kuscia/modules/reporter.go:104.16,107.3 2 0
github.com/secretflow/kuscia/cmd/kuscia/modules/reporter.go:108.2,108.62 1 1
github.com/secretflow/kuscia/cmd/kuscia/modules/reporter.go:108.62,111.3 2 0
github.com/secretflow/kuscia/cmd/kuscia/modules/reporter.go:112.2,112.66 1 1
github.com/secretflow/kuscia/cmd/kuscia/modules/reporter.go:112.66,114.3 1 0
github.com/secretflow/kuscia/cmd/kuscia/modules/reporter.go:115.2,117.13 2 1
github.com/secretflow/kuscia/cmd/kuscia/modules/runtime.go:64.41,65.2 0 0
github.com/secretflow/kuscia/cmd/kuscia/modules/runtime.go:67.63,71.93 3 1
github.com/secretflow/kuscia/cmd/kuscia/modules/runtime.go:71.93,74.3 2 1
github.com/secretflow/kuscia/cmd/kuscia/modules/runtime.go:76.2,76.29 1 1
github.com/secretflow/kuscia/cmd/kuscia/modules/runtime.go:76.29,79.3 2 0
github.com/secretflow/kuscia/cmd/kuscia/modules/runtime.go:81.2,81.115 1 1
github.com/secretflow/kuscia/cmd/kuscia/modules/runtime.go:81.115,84.3 2 0
github.com/secretflow/kuscia/cmd/kuscia/modules/runtime.go:86.2,86.105 1 1
github.com/secretflow/kuscia/cmd/kuscia/modules/runtime.go:86.105,89.3 2 0
github.com/secretflow/kuscia/cmd/kuscia/modules/runtime.go:91.2,91.33 1 1
github.com/secretflow/kuscia/cmd/kuscia/modules/runtime.go:91.33,94.3 2 0
github.com/secretflow/kuscia/cmd/kuscia/modules/runtime.go:96.2,96.122 1 1
github.com/secretflow/kuscia/cmd/kuscia/modules/runtime.go:96.122,99.3 2 0
github.com/secretflow/kuscia/cmd/kuscia/modules/runtime.go:101.2,101.12 1 1
github.com/secretflow/kuscia/cmd/kuscia/modules/runtime.go:104.50,105.87 1 1
github.com/secretflow/kuscia/cmd/kuscia/modules/runtime.go:105.87,107.3 1 0
github.com/secretflow/kuscia/cmd/kuscia/modules/runtime.go:108.2,108.86 1 1
github.com/secretflow/kuscia/cmd/kuscia/modules/runtime.go:108.86,110.3 1 0
github.com/secretflow/kuscia/cmd/kuscia/modules/runtime.go:111.2,111.89 1 1
github.com/secretflow/kuscia/cmd/kuscia/modules/runtime.go:111.89,113.3 1 0
github.com/secretflow/kuscia/cmd/kuscia/modules/runtime.go:114.2,114.86 1 1
github.com/secretflow/kuscia/cmd/kuscia/modules/runtime.go:114.86,116.3 1 0
github.com/secretflow/kuscia/cmd/kuscia/modules/runtime.go:117.2,117.12 1 1
github.com/secretflow/kuscia/cmd/kuscia/modules/runtime.go:120.48,122.16 2 1
github.com/secretflow/kuscia/cmd/kuscia/modules/runtime.go:122.16,124.3 1 0
github.com/secretflow/kuscia/cmd/kuscia/modules/runtime.go:125.2,129.12 5 1
github.com/secretflow/kuscia/cmd/kuscia/modules/runtime.go:132.91,140.2 1 1
github.com/secretflow/kuscia/cmd/kuscia/modules/runtime.go:142.107,149.44 3 1
github.com/secretflow/kuscia/cmd/kuscia/modules/runtime.go:149.44,151.3 1 0
github.com/secretflow/kuscia/cmd/kuscia/modules/runtime.go:153.2,159.16 6 1
github.com/secretflow/kuscia/cmd/kuscia/modules/runtime.go:159.16,161.3 1 0
github.com/secretflow/kuscia/cmd/kuscia/modules/runtime.go:163.2,165.100 2 1
github.com/secretflow/kuscia/cmd/kuscia/modules/runtime.go:165.100,172.3 5 0
github.com/secretflow/kuscia/cmd/kuscia/modules/runtime.go:174.2,174.98 1 1
github.com/secretflow/kuscia/cmd/kuscia/modules/runtime.go:174.98,178.17 4 0
github.com/secretflow/kuscia/cmd/kuscia/modules/runtime.go:178.17,180.4 1 0
github.com/secretflow/kuscia/cmd/kuscia/modules/runtime.go:181.3,182.69 2 0
github.com/secretflow/kuscia/cmd/kuscia/modules/runtime.go:182.69,184.4 1 0
github.com/secretflow/kuscia/cmd/kuscia/modules/runtime.go:185.3,186.66 1 0
github.com/secretflow/kuscia/cmd/kuscia/modules/runtime.go:189.2,189.48 1 1
github.com/secretflow/kuscia/cmd/kuscia/modules/runtime.go:189.48,191.3 1 0
github.com/secretflow/kuscia/cmd/kuscia/modules/runtime.go:194.2,194.61 1 1
github.com/secretflow/kuscia/cmd/kuscia/modules/runtime.go:194.61,196.3 1 0
github.com/secretflow/kuscia/cmd/kuscia/modules/runtime.go:199.2,203.65 4 1
github.com/secretflow/kuscia/cmd/kuscia/modules/runtime.go:203.65,205.17 2 0
github.com/secretflow/kuscia/cmd/kuscia/modules/runtime.go:205.17,207.4 1 0
github.com/secretflow/kuscia/cmd/kuscia/modules/runtime.go:209.3,209.33 1 0
github.com/secretflow/kuscia/cmd/kuscia/modules/runtime.go:211.2,211.21 1 1
github.com/secretflow/kuscia/cmd/kuscia/modules/runtime.go:214.55,216.16 2 0
github.com/secretflow/kuscia/cmd/kuscia/modules/runtime.go:216.16,218.3 1 0
github.com/secretflow/kuscia/cmd/kuscia/modules/runtime.go:219.2,219.41 1 0
github.com/secretflow/kuscia/cmd/kuscia/modules/runtime.go:224.81,227.65 2 0
github.com/secretflow/kuscia/cmd/kuscia/modules/runtime.go:227.65,230.3 1 0
github.com/secretflow/kuscia/cmd/kuscia/modules/scheduler.go:49.60,88.2 11 0
github.com/secretflow/kuscia/cmd/kuscia/modules/scheduler.go:90.58,93.75 3 0
github.com/secretflow/kuscia/cmd/kuscia/modules/scheduler.go:93.75,95.3 1 0
github.com/secretflow/kuscia/cmd/kuscia/modules/scheduler.go:97.2,98.16 2 0
github.com/secretflow/kuscia/cmd/kuscia/modules/scheduler.go:98.16,100.3 1 0
github.com/secretflow/kuscia/cmd/kuscia/modules/scheduler.go:102.2,104.6 2 0
github.com/secretflow/kuscia/cmd/kuscia/modules/scheduler.go:104.6,108.17 2 0
github.com/secretflow/kuscia/cmd/kuscia/modules/scheduler.go:108.17,111.4 2 0
github.com/secretflow/kuscia/cmd/kuscia/modules/scheduler.go:113.3,117.17 4 0
github.com/secretflow/kuscia/cmd/kuscia/modules/scheduler.go:117.17,121.85 2 0
github.com/secretflow/kuscia/cmd/kuscia/modules/scheduler.go:121.85,123.5 1 0
github.com/secretflow/kuscia/cmd/kuscia/modules/scheduler.go:125.4,125.11 1 0
github.com/secretflow/kuscia/cmd/kuscia/modules/scheduler.go:126.22,127.15 1 0
github.com/secretflow/kuscia/cmd/kuscia/modules/scheduler.go:128.39,128.39 0 0
github.com/secretflow/kuscia/cmd/kuscia/modules/scheduler.go:130.9,134.4 2 0
github.com/secretflow/kuscia/cmd/kuscia/modules/scheduler.go:138.64,139.9 1 0
github.com/secretflow/kuscia/cmd/kuscia/modules/scheduler.go:140.33,140.33 0 0
github.com/secretflow/kuscia/cmd/kuscia/modules/scheduler.go:141.20,141.20 0 0
github.com/secretflow/kuscia/cmd/kuscia/modules/scheduler.go:143.2,143.18 1 0
github.com/secretflow/kuscia/cmd/kuscia/modules/scheduler.go:146.41,148.2 1 0
github.com/secretflow/kuscia/cmd/kuscia/modules/scheduler.go:150.140,160.34 5 0
github.com/secretflow/kuscia/cmd/kuscia/modules/scheduler.go:160.34,162.3 1 0
github.com/secretflow/kuscia/cmd/kuscia/modules/scheduler.go:165.2,167.34 2 0
github.com/secretflow/kuscia/cmd/kuscia/modules/scheduler.go:167.34,169.3 1 0
github.com/secretflow/kuscia/cmd/kuscia/modules/scheduler.go:172.2,172.30 1 0
github.com/secretflow/kuscia/cmd/kuscia/modules/scheduler.go:172.30,174.48 1 0
github.com/secretflow/kuscia/cmd/kuscia/modules/scheduler.go:174.48,177.5 2 0
github.com/secretflow/kuscia/cmd/kuscia/modules/scheduler.go:178.29,179.12 1 0
github.com/secretflow/kuscia/cmd/kuscia/modules/scheduler.go:180.23,182.50 1 0
github.com/secretflow/kuscia/cmd/kuscia/modules/scheduler.go:183.13,185.38 1 0
github.com/secretflow/kuscia/cmd/kuscia/modules/scheduler.go:189.3,190.17 2 0
github.com/secretflow/kuscia/cmd/kuscia/modules/scheduler.go:190.17,192.4 1 0
github.com/secretflow/kuscia/cmd/kuscia/modules/scheduler.go:194.3,196.34 2 0
github.com/secretflow/kuscia/cmd/kuscia/modules/scheduler.go:200.2,202.52 3 0
github.com/secretflow/kuscia/cmd/kuscia/modules/ssexporter.go:36.61,42.69 2 0
github.com/secretflow/kuscia/cmd/kuscia/modules/ssexporter.go:42.69,44.5 1 0
github.com/secretflow/kuscia/cmd/kuscia/modules/ssexporter.go:54.66,56.2 1 0
github.com/secretflow/kuscia/cmd/kuscia/modules/transport.go:33.60,45.2 2 0
github.com/secretflow/kuscia/cmd/kuscia/modules/transport.go:47.58,49.2 1 0
github.com/secretflow/kuscia/cmd/transport/main.go:24.13,29.42 4 0
github.com/secretflow/kuscia/cmd/transport/main.go:29.42,32.3 2 0
github.com/secretflow/kuscia/cmd/kuscia/utils/debug.go:26.44,27.11 1 1
github.com/secretflow/kuscia/cmd/kuscia/utils/debug.go:27.11,28.21 1 1
github.com/secretflow/kuscia/cmd/kuscia/utils/debug.go:28.21,30.4 1 0
github.com/secretflow/kuscia/cmd/kuscia/utils/debug.go:32.3,44.13 9 1
github.com/secretflow/kuscia/cmd/kuscia/utils/debug.go:44.13,45.54 1 1
github.com/secretflow/kuscia/cmd/kuscia/utils/debug.go:45.54,47.5 1 0
github.com/secretflow/kuscia/cmd/kuscia/utils/kuscia_image.go:71.65,75.16 3 0
github.com/secretflow/kuscia/cmd/kuscia/utils/kuscia_image.go:75.16,77.3 1 0
github.com/secretflow/kuscia/cmd/kuscia/utils/kuscia_image.go:79.2,80.58 2 0
github.com/secretflow/kuscia/cmd/kuscia/utils/kuscia_image.go:80.58,82.3 1 0
github.com/secretflow/kuscia/cmd/kuscia/utils/kuscia_image.go:84.2,84.110 1 0
github.com/secretflow/kuscia/cmd/kuscia/utils/kuscia_image.go:84.110,86.3 1 0
github.com/secretflow/kuscia/cmd/kuscia/utils/kuscia_image.go:87.2,87.32 1 0
github.com/secretflow/kuscia/cmd/kuscia/utils/kuscia_image.go:87.32,89.17 2 0
github.com/secretflow/kuscia/cmd/kuscia/utils/kuscia_image.go:89.17,91.4 1 0
github.com/secretflow/kuscia/cmd/kuscia/utils/kuscia_image.go:93.2,93.84 1 0
github.com/secretflow/kuscia/cmd/kuscia/utils/kuscia_image.go:93.84,95.3 1 0
github.com/secretflow/kuscia/cmd/kuscia/utils/kuscia_image.go:97.2,97.23 1 0
github.com/secretflow/kuscia/cmd/kuscia/utils/kuscia_image.go:97.23,100.3 2 0
github.com/secretflow/kuscia/cmd/kuscia/utils/kuscia_image.go:101.2,101.67 1 0
github.com/secretflow/kuscia/cmd/kuscia/utils/kuscia_image.go:105.102,108.16 3 0
github.com/secretflow/kuscia/cmd/kuscia/utils/kuscia_image.go:108.16,110.3 1 0
github.com/secretflow/kuscia/cmd/kuscia/utils/kuscia_image.go:111.2,111.44 1 0
github.com/secretflow/kuscia/cmd/kuscia/utils/kuscia_image.go:111.44,116.3 1 0
github.com/secretflow/kuscia/cmd/kuscia/utils/kuscia_image.go:116.8,118.17 2 0
github.com/secretflow/kuscia/cmd/kuscia/utils/kuscia_image.go:118.17,120.4 1 0
github.com/secretflow/kuscia/cmd/kuscia/utils/kuscia_image.go:121.3,125.4 1 0
github.com/secretflow/kuscia/cmd/kuscia/utils/kuscia_image.go:129.78,133.36 4 0
github.com/secretflow/kuscia/cmd/kuscia/utils/kuscia_image.go:133.36,135.3 1 0
github.com/secretflow/kuscia/cmd/kuscia/utils/kuscia_image.go:136.2,136.19 1 0
github.com/secretflow/kuscia/cmd/kuscia/utils/kuscia_image.go:145.40,147.2 1 1
github.com/secretflow/kuscia/cmd/kuscia/utils/kuscia_image.go:149.52,151.2 1 1
github.com/secretflow/kuscia/cmd/kuscia/utils/kuscia_image.go:153.50,155.17 2 1
github.com/secretflow/kuscia/cmd/kuscia/utils/kuscia_image.go:155.17,157.19 2 0
github.com/secretflow/kuscia/cmd/kuscia/utils/kuscia_image.go:157.19,159.4 1 0
github.com/secretflow/kuscia/cmd/kuscia/utils/kuscia_image.go:160.3,163.4 1 0
github.com/secretflow/kuscia/cmd/kuscia/utils/kuscia_image.go:165.2,165.43 1 1
github.com/secretflow/kuscia/cmd/kuscia/utils/kuscia_image.go:168.38,170.16 2 1
github.com/secretflow/kuscia/cmd/kuscia/utils/kuscia_image.go:170.16,172.3 1 0
github.com/secretflow/kuscia/cmd/kuscia/utils/kuscia_image.go:174.2,187.29 13 1
github.com/secretflow/kuscia/cmd/kuscia/utils/kuscia_image.go:187.29,194.3 1 0
github.com/secretflow/kuscia/cmd/kuscia/utils/kuscia_image.go:196.2,198.12 2 1
github.com/secretflow/kuscia/cmd/kuscia/utils/kuscia_image.go:201.37,203.16 2 0
github.com/secretflow/kuscia/cmd/kuscia/utils/kuscia_image.go:203.16,205.3 1 0
github.com/secretflow/kuscia/cmd/kuscia/utils/kuscia_image.go:206.2,208.16 3 0
github.com/secretflow/kuscia/cmd/kuscia/utils/kuscia_image.go:208.16,210.3 1 0
github.com/secretflow/kuscia/cmd/kuscia/utils/kuscia_image.go:211.2,211.59 1 0
github.com/secretflow/kuscia/cmd/kuscia/utils/kuscia_image.go:211.59,213.3 1 0
github.com/secretflow/kuscia/cmd/kuscia/utils/kuscia_image.go:214.2,214.12 1 0
github.com/secretflow/kuscia/cmd/kuscia/utils/kuscia_image.go:217.39,220.2 1 1
github.com/secretflow/kuscia/cmd/kuscia/utils/kuscia_image.go:222.60,224.2 1 0
github.com/secretflow/kuscia/cmd/kuscia/utils/kuscia_image.go:226.48,227.16 1 1
github.com/secretflow/kuscia/cmd/kuscia/utils/kuscia_image.go:227.16,229.3 1 0
github.com/secretflow/kuscia/cmd/kuscia/utils/kuscia_image.go:230.2,230.41 1 1
github.com/secretflow/kuscia/cmd/kuscia/utils/kuscia_image.go:234.60,235.20 1 1
github.com/secretflow/kuscia/cmd/kuscia/utils/kuscia_image.go:235.20,237.3 1 1
github.com/secretflow/kuscia/cmd/kuscia/utils/kuscia_image.go:239.2,240.16 2 0
github.com/secretflow/kuscia/cmd/kuscia/utils/kuscia_image.go:240.16,242.3 1 0
github.com/secretflow/kuscia/cmd/kuscia/utils/kuscia_image.go:244.2,253.19 2 0
github.com/secretflow/kuscia/cmd/kuscia/utils/kuscia_image.go:253.19,255.3 1 0
github.com/secretflow/kuscia/cmd/kuscia/utils/kuscia_image.go:257.2,258.16 2 0
github.com/secretflow/kuscia/cmd/kuscia/utils/kuscia_image.go:258.16,260.3 1 0
github.com/secretflow/kuscia/cmd/kuscia/utils/kuscia_image.go:262.2,262.36 1 0
github.com/secretflow/kuscia/cmd/kuscia/utils/kuscia_image.go:262.36,264.3 1 0
github.com/secretflow/kuscia/cmd/kuscia/utils/kuscia_image.go:266.2,266.35 1 0
github.com/secretflow/kuscia/cmd/kuscia/utils/kuscia_image.go:266.35,268.3 1 0
github.com/secretflow/kuscia/cmd/kuscia/utils/kuscia_image.go:270.2,270.6 1 0
github.com/secretflow/kuscia/cmd/kuscia/utils/kuscia_image.go:270.6,271.95 1 0
github.com/secretflow/kuscia/cmd/kuscia/utils/kuscia_image.go:271.95,272.9 1 0
github.com/secretflow/kuscia/cmd/kuscia/utils/kuscia_image.go:274.3,275.13 2 0
github.com/secretflow/kuscia/cmd/kuscia/utils/kuscia_image.go:277.2,277.12 1 0
github.com/secretflow/kuscia/cmd/kuscia/utils/kuscia_image.go:280.84,286.16 5 0
github.com/secretflow/kuscia/cmd/kuscia/utils/kuscia_image.go:286.16,288.3 1 0
github.com/secretflow/kuscia/cmd/kuscia/utils/kuscia_image.go:289.2,290.16 2 0
github.com/secretflow/kuscia/cmd/kuscia/utils/kuscia_image.go:290.16,292.3 1 0
github.com/secretflow/kuscia/cmd/kuscia/utils/kuscia_image.go:294.2,294.66 1 0
github.com/secretflow/kuscia/cmd/kuscia/utils/kuscia_image.go:294.66,296.3 1 0
github.com/secretflow/kuscia/cmd/kuscia/utils/kuscia_image.go:298.2,298.53 1 0
github.com/secretflow/kuscia/cmd/kuscia/utils/kuscia_image.go:306.46,308.21 2 0
github.com/secretflow/kuscia/cmd/kuscia/utils/kuscia_image.go:308.21,310.3 1 0
github.com/secretflow/kuscia/cmd/kuscia/utils/kuscia_image.go:311.2,311.64 1 0
github.com/secretflow/kuscia/cmd/kuscia/utils/kuscia_image.go:315.58,317.2 1 0
github.com/secretflow/kuscia/cmd/kuscia/utils/kuscia_image.go:319.56,321.2 1 0
github.com/secretflow/kuscia/cmd/kuscia/utils/kuscia_image.go:323.44,325.2 1 0
github.com/secretflow/kuscia/cmd/kuscia/utils/kuscia_image.go:327.43,330.2 2 0
github.com/secretflow/kuscia/cmd/kuscia/utils/kuscia_image.go:332.45,335.2 1 0
github.com/secretflow/kuscia/cmd/kuscia/utils/kuscia_image.go:337.66,340.2 1 0
github.com/secretflow/kuscia/cmd/kuscia/utils/kuscia_image.go:342.54,346.2 3 0
github.com/secretflow/kuscia/cmd/kuscia/utils/kuscia_image.go:348.96,351.16 3 1
github.com/secretflow/kuscia/cmd/kuscia/utils/kuscia_image.go:351.16,353.3 1 0
github.com/secretflow/kuscia/cmd/kuscia/utils/kuscia_image.go:355.2,356.16 2 1
github.com/secretflow/kuscia/cmd/kuscia/utils/kuscia_image.go:356.16,358.3 1 0
github.com/secretflow/kuscia/cmd/kuscia/utils/kuscia_image.go:360.2,362.79 2 1
github.com/secretflow/kuscia/cmd/kuscia/utils/log_reader.go:23.69,25.16 2 1
github.com/secretflow/kuscia/cmd/kuscia/utils/log_reader.go:25.16,27.3 1 1
github.com/secretflow/kuscia/cmd/kuscia/utils/log_reader.go:28.2,28.28 1 1
github.com/secretflow/kuscia/cmd/kuscia/utils/log_reader.go:28.28,30.3 1 1
github.com/secretflow/kuscia/cmd/kuscia/utils/log_reader.go:32.2,33.16 2 1
github.com/secretflow/kuscia/cmd/kuscia/utils/log_reader.go:33.16,35.3 1 0
github.com/secretflow/kuscia/cmd/kuscia/utils/log_reader.go:36.2,41.55 4 1
github.com/secretflow/kuscia/cmd/kuscia/utils/log_reader.go:41.55,43.17 2 1
github.com/secretflow/kuscia/cmd/kuscia/utils/log_reader.go:43.17,45.4 1 0
github.com/secretflow/kuscia/cmd/kuscia/utils/log_reader.go:47.3,49.17 3 1
github.com/secretflow/kuscia/cmd/kuscia/utils/log_reader.go:49.17,51.4 1 0
github.com/secretflow/kuscia/cmd/kuscia/utils/log_reader.go:53.3,53.26 1 1
github.com/secretflow/kuscia/cmd/kuscia/utils/log_reader.go:53.26,54.20 1 1
github.com/secretflow/kuscia/cmd/kuscia/utils/log_reader.go:54.20,56.5 1 1
github.com/secretflow/kuscia/cmd/kuscia/utils/log_reader.go:57.4,57.14 1 1
github.com/secretflow/kuscia/cmd/kuscia/utils/log_reader.go:57.14,58.10 1 1
github.com/secretflow/kuscia/cmd/kuscia/utils/log_reader.go:61.3,61.37 1 1
github.com/secretflow/kuscia/cmd/kuscia/utils/log_reader.go:64.2,64.25 1 1
